
2013-09-18 09:35:58	150.140.5	PUT	/ld4s/device/a12b
2013-09-18 09:36:01	150.140.5	PUT	/ld4s/device/a12b
2013-09-18 09:36:03	150.140.5	PUT	/ld4s/device/a12b
2013-09-18 09:36:05	150.140.5	PUT	/ld4s/device/a12b
2013-09-18 09:36:07	150.140.5	PUT	/ld4s/device/a12b
2013-09-18 09:36:10	150.140.5	PUT	/ld4s/device/a12b
2013-09-18 09:36:27	150.140.5	PUT	/ld4s/device/a12b
2013-09-18 09:36:29	150.140.5	PUT	/ld4s/device/a12b
2013-09-18 09:36:32	150.140.5	PUT	/ld4s/device/a12b
2013-09-18 09:36:34	150.140.5	PUT	/ld4s/device/a12b
2013-09-18 09:36:36	150.140.5	POST	/ld4s/device/a12b
2013-09-18 09:36:39	150.140.5	POST	/ld4s/device/a12b
2013-09-18 09:36:41	150.140.5	POST	/ld4s/device/a12b
2013-09-18 09:36:44	150.140.5	POST	/ld4s/device/a12b
2013-09-18 09:36:46	150.140.5	POST	/ld4s/device/a12b
2013-09-18 09:37:04	150.140.5	POST	/ld4s/device/a12b
2013-09-18 09:37:06	150.140.5	POST	/ld4s/device/a12b
2013-09-18 09:37:09	150.140.5	POST	/ld4s/device/a12b
2013-09-18 09:37:14	150.140.5	POST	/ld4s/device/a12b
2013-09-18 09:37:17	150.140.5	POST	/ld4s/device/a12b
2013-09-18 09:38:33	150.140.5	GET	/ld4s/device/a12b
2013-09-18 09:38:33	150.140.5	GET	/ld4s/device/a12b
2013-09-18 09:38:34	150.140.5	GET	/ld4s/device/a12b
2013-09-18 09:38:35	150.140.5	GET	/ld4s/device/a12b
2013-09-18 09:38:35	150.140.5	GET	/ld4s/device/a12b
2013-09-18 09:38:36	150.140.5	GET	/ld4s/device/a12b
2013-09-18 09:38:36	150.140.5	GET	/ld4s/device/a12b
2013-09-18 09:38:37	150.140.5	GET	/ld4s/device/a12b
2013-09-18 09:38:37	150.140.5	GET	/ld4s/device/a12b
2013-09-18 09:38:38	150.140.5	GET	/ld4s/device/a12b
2013-09-18 09:38:38	150.140.5	DELETE	/ld4s/device/a12b
2013-09-18 09:38:39	150.140.5	DELETE	/ld4s/device/a12b
2013-09-18 09:38:39	150.140.5	DELETE	/ld4s/device/a12b
2013-09-18 09:38:39	150.140.5	DELETE	/ld4s/device/a12b
2013-09-18 09:38:40	150.140.5	DELETE	/ld4s/device/a12b
2013-09-18 09:38:40	150.140.5	DELETE	/ld4s/device/a12b
2013-09-18 09:38:41	150.140.5	DELETE	/ld4s/device/a12b
2013-09-18 09:38:41	150.140.5	DELETE	/ld4s/device/a12b
2013-09-18 09:38:42	150.140.5	DELETE	/ld4s/device/a12b
2013-09-18 09:38:42	150.140.5	DELETE	/ld4s/device/a12b
2013-09-18 09:38:42	150.140.5	DELETE	/ld4s/device/a12b
2013-09-18 09:38:43	150.140.5	DELETE	/ld4s/device/a12b
2013-09-18 09:38:43	150.140.5	DELETE	/ld4s/device/a12b
2013-09-18 09:38:43	150.140.5	DELETE	/ld4s/device/a12b
2013-09-18 09:38:44	150.140.5	DELETE	/ld4s/device/a12b
2013-09-18 09:38:44	150.140.5	DELETE	/ld4s/device/a12b
2013-09-18 09:38:45	150.140.5	DELETE	/ld4s/device/a12b
2013-09-18 09:38:45	150.140.5	DELETE	/ld4s/device/a12b
2013-09-18 09:38:46	150.140.5	DELETE	/ld4s/device/a12b
2013-09-18 09:38:46	150.140.5	DELETE	/ld4s/device/a12b
2013-09-18 10:04:35	150.140.5	PUT	/ld4s/device/a12b
2013-09-18 10:04:37	150.140.5	PUT	/ld4s/device/a12b
2013-09-18 10:04:40	150.140.5	PUT	/ld4s/device/a12b
2013-09-18 10:04:42	150.140.5	PUT	/ld4s/device/a12b
2013-09-18 10:04:44	150.140.5	PUT	/ld4s/device/a12b
2013-09-18 10:04:47	150.140.5	PUT	/ld4s/device/a12b
2013-09-18 10:04:54	150.140.5	PUT	/ld4s/device/a12b
2013-09-18 10:05:06	150.140.5	PUT	/ld4s/device/a12b
2013-09-18 10:05:09	150.140.5	PUT	/ld4s/device/a12b
2013-09-18 10:05:11	150.140.5	PUT	/ld4s/device/a12b
2013-09-18 10:05:13	150.140.5	POST	/ld4s/device/a12b
2013-09-18 10:05:16	150.140.5	POST	/ld4s/device/a12b
2013-09-18 10:05:19	150.140.5	POST	/ld4s/device/a12b
2013-09-18 10:05:21	150.140.5	POST	/ld4s/device/a12b
2013-09-18 10:05:24	150.140.5	POST	/ld4s/device/a12b
2013-09-18 10:05:41	150.140.5	POST	/ld4s/device/a12b
2013-09-18 10:05:45	150.140.5	POST	/ld4s/device/a12b
2013-09-18 10:05:48	150.140.5	POST	/ld4s/device/a12b
2013-09-18 10:05:50	150.140.5	POST	/ld4s/device/a12b
2013-09-18 10:05:53	150.140.5	POST	/ld4s/device/a12b
2013-09-18 10:07:28	150.140.5	GET	/ld4s/device/a12b
2013-09-18 10:07:28	150.140.5	GET	/ld4s/device/a12b
2013-09-18 10:07:29	150.140.5	GET	/ld4s/device/a12b
2013-09-18 10:07:29	150.140.5	GET	/ld4s/device/a12b
2013-09-18 10:07:30	150.140.5	GET	/ld4s/device/a12b
2013-09-18 10:07:30	150.140.5	GET	/ld4s/device/a12b
2013-09-18 10:07:31	150.140.5	GET	/ld4s/device/a12b
2013-09-18 10:07:31	150.140.5	GET	/ld4s/device/a12b
2013-09-18 10:07:32	150.140.5	GET	/ld4s/device/a12b
2013-09-18 10:07:33	150.140.5	GET	/ld4s/device/a12b
2013-09-18 10:07:33	150.140.5	DELETE	/ld4s/device/a12b
2013-09-18 10:07:33	150.140.5	DELETE	/ld4s/device/a12b
2013-09-18 10:07:34	150.140.5	DELETE	/ld4s/device/a12b
2013-09-18 10:07:34	150.140.5	DELETE	/ld4s/device/a12b
2013-09-18 10:07:35	150.140.5	DELETE	/ld4s/device/a12b
2013-09-18 10:07:35	150.140.5	DELETE	/ld4s/device/a12b
2013-09-18 10:07:36	150.140.5	DELETE	/ld4s/device/a12b
2013-09-18 10:07:36	150.140.5	DELETE	/ld4s/device/a12b
2013-09-18 10:07:36	150.140.5	DELETE	/ld4s/device/a12b
2013-09-18 10:07:37	150.140.5	DELETE	/ld4s/device/a12b
2013-09-18 10:07:37	150.140.5	DELETE	/ld4s/device/a12b
2013-09-18 10:07:37	150.140.5	DELETE	/ld4s/device/a12b
2013-09-18 10:07:38	150.140.5	DELETE	/ld4s/device/a12b
2013-09-18 10:07:38	150.140.5	DELETE	/ld4s/device/a12b
2013-09-18 10:07:39	150.140.5	DELETE	/ld4s/device/a12b
2013-09-18 10:07:39	150.140.5	DELETE	/ld4s/device/a12b
2013-09-18 10:07:40	150.140.5	DELETE	/ld4s/device/a12b
2013-09-18 10:07:40	150.140.5	DELETE	/ld4s/device/a12b
2013-09-18 10:07:40	150.140.5	DELETE	/ld4s/device/a12b
2013-09-18 10:07:41	150.140.5	DELETE	/ld4s/device/a12b
2013-09-19 12:00:33	150.140.5	PUT	/ld4s/device/a12b
2013-09-19 12:56:34	150.140.5	PUT	/ld4s/device/a12b
2013-09-19 13:34:18	150.140.5	PUT	/ld4s/device/a12b
2013-09-19 13:39:00	150.140.5	PUT	/ld4s/device/a12b
2013-09-19 13:45:06	150.140.5	PUT	/ld4s/device/a12b
2013-09-19 13:54:28	150.140.5	PUT	/ld4s/device/a12b
2013-09-19 14:20:50	150.140.5	PUT	/ld4s/device/a12b
2013-09-19 14:21:45	150.140.5	PUT	/ld4s/device/a12b
2013-09-19 14:21:45	150.140.5	PUT	/ld4s/device/a12b
2013-09-19 14:21:45	150.140.5	PUT	/ld4s/device/a12b
2013-09-19 14:21:45	150.140.5	PUT	/ld4s/device/a12b
2013-09-19 14:21:45	150.140.5	PUT	/ld4s/device/a12b
2013-09-19 14:21:45	150.140.5	PUT	/ld4s/device/a12b
2013-09-19 14:21:45	150.140.5	PUT	/ld4s/device/a12b
2013-09-19 14:21:45	150.140.5	PUT	/ld4s/device/a12b
2013-09-19 14:21:45	150.140.5	PUT	/ld4s/device/a12b
2013-09-19 14:21:45	150.140.5	PUT	/ld4s/device/a12b
2013-09-19 14:21:47	150.140.5	PUT	/ld4s/device/a12b
2013-09-19 14:21:47	150.140.5	PUT	/ld4s/device/a12b
2013-09-19 14:21:47	150.140.5	PUT	/ld4s/device/a12b
2013-09-19 14:21:47	150.140.5	PUT	/ld4s/device/a12b
2013-09-19 14:21:47	150.140.5	PUT	/ld4s/device/a12b
2013-09-19 14:21:47	150.140.5	PUT	/ld4s/device/a12b
2013-09-19 14:21:47	150.140.5	PUT	/ld4s/device/a12b
2013-09-19 14:21:48	150.140.5	PUT	/ld4s/device/a12b
2013-09-19 14:21:48	150.140.5	PUT	/ld4s/device/a12b
2013-09-19 14:21:48	150.140.5	PUT	/ld4s/device/a12b
2013-09-24 15:32:55	10.196.2	PUT	/ld4s/device/a12b
2013-09-24 15:32:57	10.196.2	PUT	/ld4s/device/a12b
2013-09-24 15:32:59	10.196.2	PUT	/ld4s/device/a12b
2013-09-24 15:33:01	10.196.2	PUT	/ld4s/device/a12b
2013-09-24 15:33:03	10.196.2	PUT	/ld4s/device/a12b
2013-09-24 15:33:05	10.196.2	PUT	/ld4s/device/a12b
2013-09-24 15:33:22	10.196.2	PUT	/ld4s/device/a12b
2013-09-24 15:33:24	10.196.2	PUT	/ld4s/device/a12b
2013-09-24 15:33:26	10.196.2	PUT	/ld4s/device/a12b
2013-09-24 15:33:28	10.196.2	PUT	/ld4s/device/a12b
2013-09-24 15:33:31	10.196.2	POST	/ld4s/device/a12b
2013-09-24 15:33:33	10.196.2	POST	/ld4s/device/a12b
2013-09-24 15:33:35	10.196.2	POST	/ld4s/device/a12b
2013-09-24 15:33:37	10.196.2	POST	/ld4s/device/a12b
2013-09-24 15:33:40	10.196.2	POST	/ld4s/device/a12b
2013-09-24 15:33:42	10.196.2	POST	/ld4s/device/a12b
2013-09-24 15:33:59	10.196.2	POST	/ld4s/device/a12b
2013-09-24 15:34:01	10.196.2	POST	/ld4s/device/a12b
2013-09-24 15:34:03	10.196.2	POST	/ld4s/device/a12b
2013-09-24 15:34:06	10.196.2	POST	/ld4s/device/a12b
2013-09-24 15:35:28	10.196.2	GET	/ld4s/device/a12b
2013-09-24 15:35:29	10.196.2	GET	/ld4s/device/a12b
2013-09-24 15:35:29	10.196.2	GET	/ld4s/device/a12b
2013-09-24 15:35:30	10.196.2	GET	/ld4s/device/a12b
2013-09-25 09:05:11	10.196.2	PUT	/ld4s/device/a12b
2013-09-25 09:07:07	10.196.2	PUT	/ld4s/device/a12b
2013-09-25 09:09:07	10.196.2	PUT	/ld4s/device/a12b
2013-09-25 09:11:07	10.196.2	PUT	/ld4s/device/a12b
2013-09-25 09:13:08	10.196.2	PUT	/ld4s/device/a12b
2013-09-25 09:15:07	10.196.2	PUT	/ld4s/device/a12b
2013-09-25 09:17:07	10.196.2	PUT	/ld4s/device/a12b
2013-09-25 09:19:07	10.196.2	PUT	/ld4s/device/a12b
2013-09-25 09:21:07	10.196.2	PUT	/ld4s/device/a12b
2013-09-25 09:23:07	10.196.2	PUT	/ld4s/device/a12b
2013-09-25 09:25:07	10.196.2	PUT	/ld4s/device/a12b
2013-09-25 09:27:07	10.196.2	PUT	/ld4s/device/a12b
2013-09-25 09:29:08	10.196.2	PUT	/ld4s/device/a12b
2013-09-25 09:31:08	10.196.2	PUT	/ld4s/device/a12b
2013-09-25 09:33:07	10.196.2	PUT	/ld4s/device/a12b
2013-09-25 09:35:07	10.196.2	PUT	/ld4s/device/a12b
2013-09-25 09:37:08	10.196.2	PUT	/ld4s/device/a12b
2013-09-25 09:39:02	10.196.2	PUT	/ld4s/device/a12b
2013-09-25 09:41:07	10.196.2	PUT	/ld4s/device/a12b
2013-09-25 09:43:08	10.196.2	PUT	/ld4s/device/a12b
2013-09-25 10:47:46	10.196.2	POST	/ld4s/device/456
2013-09-25 10:49:45	10.196.2	POST	/ld4s/device/456
2013-09-25 10:51:45	10.196.2	POST	/ld4s/device/456
2013-09-25 12:00:05	10.196.2	POST	/ld4s/device/456
2013-09-25 12:02:04	10.196.2	POST	/ld4s/device/456
2013-09-25 12:04:04	10.196.2	POST	/ld4s/device/456
2013-09-25 12:06:05	10.196.2	POST	/ld4s/device/456
2013-09-25 12:08:04	10.196.2	POST	/ld4s/device/456
2013-09-25 12:10:04	10.196.2	POST	/ld4s/device/456
2013-09-25 12:12:04	10.196.2	POST	/ld4s/device/456
2013-09-25 12:14:04	10.196.2	POST	/ld4s/device/456
2013-09-25 12:16:04	10.196.2	POST	/ld4s/device/456
2013-09-25 12:18:04	10.196.2	POST	/ld4s/device/456
2013-09-25 12:20:04	10.196.2	POST	/ld4s/device/456
2013-09-25 12:22:07	10.196.2	POST	/ld4s/device/456
2013-09-25 12:24:00	140.203.213	POST	/ld4s/device/1
2013-09-25 12:24:04	10.196.2	POST	/ld4s/device/456
2013-09-25 12:24:17	140.203.213	GET	/ld4s/device/1
2013-09-25 12:24:35	140.203.213	POST	/ld4s/ov/1
2013-09-25 12:24:35	140.203.213	GET	/ld4s/ov/1
2013-09-25 12:25:35	140.203.213	POST	/ld4s/ov/1
2013-09-25 12:25:35	140.203.213	GET	/ld4s/ov/1
2013-09-25 12:25:43	140.203.213	POST	/ld4s/ov/1123
2013-09-25 12:25:43	140.203.213	GET	/ld4s/ov/1123
2013-09-25 12:26:01	140.203.213	POST	/ld4s/ov/1123
2013-09-25 12:26:01	140.203.213	GET	/ld4s/ov/1123
2013-09-25 12:26:04	10.196.2	POST	/ld4s/device/456
2013-09-25 12:26:19	140.203.213	POST	/ld4s/ov/1123
2013-09-25 12:26:19	140.203.213	GET	/ld4s/ov/1123
2013-09-25 12:26:26	140.203.213	POST	/ld4s/ov/1123
2013-09-25 12:26:26	140.203.213	GET	/ld4s/ov/1123
2013-09-25 12:26:27	140.203.213	POST	/ld4s/ov/1123
2013-09-25 12:26:27	140.203.213	GET	/ld4s/ov/1123
2013-09-25 12:26:28	140.203.213	POST	/ld4s/ov/1123
2013-09-25 12:26:28	140.203.213	GET	/ld4s/ov/1123
2013-09-25 12:27:08	140.203.213	POST	/ld4s/ov/1
2013-09-25 12:27:08	140.203.213	GET	/ld4s/ov/1
2013-09-25 12:27:36	140.203.213	POST	/ld4s/ov/1
2013-09-25 12:27:36	140.203.213	GET	/ld4s/ov/1
2013-09-25 12:28:04	10.196.2	POST	/ld4s/device/456
2013-09-25 12:28:22	140.203.213	GET	/ld4s/link/http
2013-09-25 12:30:04	10.196.2	POST	/ld4s/device/456
2013-09-25 12:32:04	10.196.2	POST	/ld4s/device/456
2013-09-25 12:33:59	10.196.2	POST	/ld4s/device/456
2013-09-25 12:34:34	140.203.213	POST	/ld4s/ov/1
2013-09-25 12:34:34	140.203.213	GET	/ld4s/ov/1
2013-09-25 12:36:04	10.196.2	POST	/ld4s/device/456
2013-09-25 12:36:05	140.203.213	GET	/ld4s/link/http
2013-09-25 12:37:59	10.196.2	POST	/ld4s/device/456
2013-09-25 13:12:03	10.196.2	GET	/ld4s/device/a12b
2013-09-25 13:14:03	10.196.2	GET	/ld4s/device/a12b
2013-09-25 13:16:03	10.196.2	GET	/ld4s/device/a12b
2013-09-25 13:18:03	10.196.2	GET	/ld4s/device/a12b
2013-09-25 13:20:03	10.196.2	GET	/ld4s/device/a12b
2013-09-25 13:22:03	10.196.2	GET	/ld4s/device/a12b
2013-09-25 13:24:03	10.196.2	GET	/ld4s/device/a12b
2013-09-25 13:26:03	10.196.2	GET	/ld4s/device/a12b
2013-09-25 13:28:03	10.196.2	GET	/ld4s/device/a12b
2013-09-25 13:30:03	10.196.2	GET	/ld4s/device/a12b
2013-09-25 13:32:03	10.196.2	GET	/ld4s/device/a12b
2013-09-25 13:34:03	10.196.2	GET	/ld4s/device/a12b
2013-09-25 13:36:03	10.196.2	GET	/ld4s/device/a12b
2013-09-25 13:38:03	10.196.2	GET	/ld4s/device/a12b
2013-09-25 13:40:03	10.196.2	GET	/ld4s/device/a12b
2013-09-25 13:42:03	10.196.2	GET	/ld4s/device/a12b
2013-09-25 13:44:03	10.196.2	GET	/ld4s/device/a12b
2013-09-25 13:46:03	10.196.2	GET	/ld4s/device/a12b
2013-09-25 13:48:03	10.196.2	GET	/ld4s/device/a12b
2013-09-25 13:50:03	10.196.2	GET	/ld4s/device/a12b
2013-09-26 07:40:49	10.196.2	POST	/ld4s/ov/123
2013-09-26 07:40:49	10.196.2	GET	/ld4s/ov/123
2013-09-26 07:40:56	10.196.2	POST	/ld4s/ov/123
2013-09-26 07:40:56	10.196.2	GET	/ld4s/ov/123
2013-09-26 07:41:12	10.196.2	POST	/ld4s/ov/1
2013-09-26 07:41:12	10.196.2	GET	/ld4s/ov/1
2013-09-26 07:41:35	10.196.2	POST	/ld4s/ov/1
2013-09-26 07:41:35	10.196.2	GET	/ld4s/ov/1
2013-09-26 07:41:58	10.196.2	POST	/ld4s/ov/123
2013-09-26 07:41:58	10.196.2	GET	/ld4s/ov/123
2013-09-26 07:42:20	10.196.2	POST	/ld4s/ov/1
2013-09-26 07:42:21	10.196.2	GET	/ld4s/ov/1
2013-09-26 08:04:22	10.196.2	POST	/ld4s/ov/123
2013-09-26 08:04:22	10.196.2	GET	/ld4s/ov/123
2013-09-26 08:04:24	10.196.2	GET	/ld4s/ov/123
2013-09-26 08:07:13	10.196.2	POST	/ld4s/ov/123
2013-09-26 08:07:13	10.196.2	GET	/ld4s/ov/123
2013-09-26 08:07:18	10.196.2	GET	/ld4s/ov/123
2013-09-26 08:07:31	10.196.2	GET	/ld4s/ov/123
2013-09-26 08:07:49	10.196.2	GET	/ld4s/ov/123
2013-09-26 08:09:49	10.196.2	POST	/ld4s/ov/123
2013-09-26 08:09:49	10.196.2	GET	/ld4s/ov/123
2013-09-26 09:03:59	10.196.2	POST	/ld4s/ov/12
2013-09-26 09:03:59	10.196.2	GET	/ld4s/ov/12
2013-09-26 09:22:34	10.196.2	POST	/ld4s/ov/undefined
2013-09-26 09:22:34	10.196.2	GET	/ld4s/ov/undefined
2013-09-26 09:22:38	10.196.2	POST	/ld4s/ov/123
2013-09-26 09:22:38	10.196.2	GET	/ld4s/ov/123
2013-09-26 09:32:59	10.196.2	POST	/ld4s/ov/1
2013-09-26 09:32:59	10.196.2	GET	/ld4s/ov/1
2013-09-26 09:36:13	10.196.2	POST	/ld4s/ov/123
2013-09-26 09:36:13	10.196.2	GET	/ld4s/ov/123
2013-09-26 09:37:29	10.196.2	POST	/ld4s/ov/123
2013-09-26 09:37:29	10.196.2	GET	/ld4s/ov/123
2013-09-26 09:39:01	10.196.2	POST	/ld4s/ov/123
2013-09-26 09:39:01	10.196.2	GET	/ld4s/ov/123
2013-09-26 10:17:52	10.196.2	POST	/ld4s/ov/1
2013-09-26 10:17:53	10.196.2	GET	/ld4s/ov/1
2013-09-26 10:17:54	10.196.2	GET	/ld4s/ov/1
2013-09-26 10:26:51	10.196.2	POST	/ld4s/ov/1
2013-09-26 10:26:51	10.196.2	GET	/ld4s/ov/1
2013-09-26 10:38:29	10.196.2	POST	/ld4s/ov/123
2013-09-26 10:38:29	10.196.2	GET	/ld4s/ov/123
2013-09-26 10:38:34	10.196.2	POST	/ld4s/ov/123
2013-09-26 10:38:34	10.196.2	GET	/ld4s/ov/123
2013-09-26 10:38:38	10.196.2	POST	/ld4s/ov/123
2013-09-26 10:38:38	10.196.2	GET	/ld4s/ov/123
2013-09-26 10:38:54	10.196.2	POST	/ld4s/ov/123
2013-09-26 10:38:54	10.196.2	GET	/ld4s/ov/123
2013-09-26 10:44:49	10.196.2	POST	/ld4s/ov/123
2013-09-26 10:44:49	10.196.2	GET	/ld4s/ov/123
2013-09-26 10:44:56	10.196.2	POST	/ld4s/ov/123
2013-09-26 10:44:56	10.196.2	GET	/ld4s/ov/123
2013-09-26 10:45:03	10.196.2	POST	/ld4s/ov/123
2013-09-26 10:45:03	10.196.2	GET	/ld4s/ov/123
2013-09-26 10:45:09	10.196.2	POST	/ld4s/ov/123
2013-09-26 10:45:09	10.196.2	GET	/ld4s/ov/123
2013-09-26 10:45:20	10.196.2	POST	/ld4s/ov/123
2013-09-26 10:45:20	10.196.2	GET	/ld4s/ov/123
2013-09-26 11:11:43	10.196.2	POST	/ld4s/ov/asd
2013-09-26 11:11:43	10.196.2	GET	/ld4s/ov/asd
2013-09-26 11:15:12	10.196.2	POST	/ld4s/ov/123
2013-09-26 11:15:12	10.196.2	GET	/ld4s/ov/123
2013-09-26 11:15:30	10.196.2	POST	/ld4s/ov/123
2013-09-26 11:15:30	10.196.2	GET	/ld4s/ov/123
2013-09-26 11:21:54	10.196.2	POST	/ld4s/ov/123
2013-09-26 11:21:54	10.196.2	GET	/ld4s/ov/123
2013-09-26 11:22:40	10.196.2	POST	/ld4s/ov/123
2013-09-26 11:22:40	10.196.2	GET	/ld4s/ov/123
2013-09-26 11:26:42	10.196.2	POST	/ld4s/ov/123
2013-09-26 11:26:42	10.196.2	GET	/ld4s/ov/123
2013-09-26 11:27:46	10.196.2	POST	/ld4s/ov/123
2013-09-26 11:27:46	10.196.2	GET	/ld4s/ov/123
2013-09-26 11:29:43	10.196.2	POST	/ld4s/ov/12
2013-09-26 11:29:43	10.196.2	GET	/ld4s/ov/12
2013-09-26 11:30:28	10.196.2	GET	/ld4s/ov/12
2013-09-26 11:32:33	10.196.2	POST	/ld4s/ov/123
2013-09-26 11:32:33	10.196.2	GET	/ld4s/ov/123
2013-09-26 11:37:15	10.196.2	POST	/ld4s/ov/123
2013-09-26 11:37:15	10.196.2	GET	/ld4s/ov/123
2013-09-26 11:38:02	10.196.2	POST	/ld4s/ov/123
2013-09-26 11:38:02	10.196.2	GET	/ld4s/ov/123
2013-09-26 11:38:07	10.196.2	POST	/ld4s/ov/123
2013-09-26 11:38:07	10.196.2	GET	/ld4s/ov/123
2013-09-26 11:38:22	10.196.2	POST	/ld4s/ov/123
2013-09-26 11:38:22	10.196.2	GET	/ld4s/ov/123
2013-09-26 11:38:34	10.196.2	POST	/ld4s/ov/123
2013-09-26 11:38:34	10.196.2	GET	/ld4s/ov/123
2013-09-26 11:39:38	10.196.2	POST	/ld4s/ov/12
2013-09-26 11:39:39	10.196.2	GET	/ld4s/ov/12
2013-09-26 11:40:11	10.196.2	POST	/ld4s/ov/12
2013-09-26 11:40:11	10.196.2	GET	/ld4s/ov/12
2013-09-26 11:40:20	10.196.2	POST	/ld4s/ov/123
2013-09-26 11:40:21	10.196.2	GET	/ld4s/ov/123
2013-09-26 11:40:49	10.196.2	POST	/ld4s/ov/123
2013-09-26 11:40:49	10.196.2	GET	/ld4s/ov/123
2013-09-26 11:41:01	10.196.2	GET	/ld4s/ov/123
2013-09-26 11:55:26	10.196.2	POST	/ld4s/ov/12
2013-09-26 11:55:26	10.196.2	GET	/ld4s/ov/12
2013-09-26 12:00:50	10.196.2	GET	/ld4s/sparql/SELECT
2013-09-26 12:01:01	10.196.2	GET	/ld4s/sparql/SELECT
2013-09-26 12:01:13	10.196.2	GET	/ld4s/ov/123
2013-09-26 12:03:03	10.196.2	POST	/ld4s/device/a12b
2013-09-26 12:05:02	10.196.2	POST	/ld4s/device/a12b
2013-09-26 12:07:02	10.196.2	POST	/ld4s/device/a12b
2013-09-26 12:09:02	10.196.2	POST	/ld4s/device/a12b
2013-09-26 12:11:02	10.196.2	POST	/ld4s/device/a12b
2013-09-26 12:13:02	10.196.2	POST	/ld4s/device/a12b
2013-09-26 12:13:55	10.196.2	GET	/ld4s/resource/people/manfredhauswirth
2013-09-26 12:14:04	10.196.2	GET	/ld4s/resource/people/manfred_hauswirth
2013-09-26 12:14:07	10.196.2	GET	/ld4s/resource/people/manfred
2013-09-26 12:15:02	10.196.2	POST	/ld4s/device/a12b
2013-09-26 12:16:57	10.196.2	POST	/ld4s/device/a12b
2013-09-26 12:19:02	10.196.2	POST	/ld4s/device/a12b
2013-09-26 12:21:02	10.196.2	POST	/ld4s/device/a12b
2013-09-26 12:23:02	10.196.2	POST	/ld4s/device/a12b
2013-09-26 12:25:02	10.196.2	POST	/ld4s/device/a12b
2013-09-26 12:27:02	10.196.2	POST	/ld4s/device/a12b
2013-09-26 12:29:02	10.196.2	POST	/ld4s/device/a12b
2013-09-26 12:31:02	10.196.2	POST	/ld4s/device/a12b
2013-09-26 12:33:03	10.196.2	POST	/ld4s/device/a12b
2013-09-26 12:35:03	10.196.2	POST	/ld4s/device/a12b
2013-09-26 12:37:02	10.196.2	POST	/ld4s/device/a12b
2013-09-26 12:39:02	10.196.2	POST	/ld4s/device/a12b
2013-09-26 12:41:03	10.196.2	POST	/ld4s/device/a12b
2013-09-26 12:47:13	10.196.2	DELETE	/ld4s/device/a12b
2013-09-26 12:49:09	10.196.2	DELETE	/ld4s/device/a12b
2013-09-26 12:51:16	10.196.2	DELETE	/ld4s/device/a12b
2013-09-26 12:53:14	10.196.2	DELETE	/ld4s/device/a12b
2013-09-26 12:55:08	10.196.2	DELETE	/ld4s/device/a12b
2013-09-26 12:57:08	10.196.2	DELETE	/ld4s/device/a12b
2013-09-26 12:59:08	10.196.2	DELETE	/ld4s/device/a12b
2013-09-26 13:01:08	10.196.2	DELETE	/ld4s/device/a12b
2013-09-26 13:03:08	10.196.2	DELETE	/ld4s/device/a12b
2013-09-26 13:05:08	10.196.2	DELETE	/ld4s/device/a12b
2013-09-26 13:07:08	10.196.2	DELETE	/ld4s/device/a12b
2013-09-26 13:09:08	10.196.2	DELETE	/ld4s/device/a12b
2013-09-26 13:11:08	10.196.2	DELETE	/ld4s/device/a12b
2013-09-26 13:13:08	10.196.2	DELETE	/ld4s/device/a12b
2013-09-26 13:15:08	10.196.2	DELETE	/ld4s/device/a12b
2013-09-26 13:16:45	10.196.2	POST	/ld4s/sparql/PREFIX
2013-09-26 13:17:08	10.196.2	DELETE	/ld4s/device/a12b
2013-09-26 13:18:19	10.196.2	POST	/ld4s/sparql/SELECT
2013-09-26 13:18:56	10.196.2	GET	/ld4s/sparql/SELECT
2013-09-26 13:19:08	10.196.2	DELETE	/ld4s/device/a12b
2013-09-26 13:21:08	10.196.2	DELETE	/ld4s/device/a12b
2013-09-26 13:21:11	10.196.2	GET	/ld4s/sparql/SELECT
2013-09-26 13:21:45	10.196.2	GET	/ld4s/sparql/SELECT
2013-09-26 13:22:39	10.196.2	GET	/ld4s/sparql/SELECT
2013-09-26 13:23:08	10.196.2	DELETE	/ld4s/device/a12b
2013-09-26 13:25:08	10.196.2	DELETE	/ld4s/device/a12b
2013-09-27 11:50:33	140.203.213	GET	/ld4s/sparql/SELECT
2013-09-27 11:52:05	140.203.213	GET	/ld4s/sparql/SELECT
2013-09-27 11:52:34	140.203.213	GET	/ld4s/sparql/SELECT
2013-09-27 12:22:20	86.40.206	GET	/ld4s/sparql/SELECT
2013-09-27 12:22:38	86.40.206	GET	/ld4s/sparql/SELECT
2013-09-27 12:49:35	86.40.206	GET	/ld4s/sparql/SELECT
2013-09-29 08:16:59	176.61.16	GET	/ld4s/sparql/SELECT
2013-09-29 08:17:44	176.61.16	GET	/ld4s/sparql/SELECT
2013-09-29 08:18:14	176.61.16	GET	/ld4s/sparql/SELECT
2013-09-29 08:18:37	176.61.16	GET	/ld4s/sparql/SELECT
2013-09-30 09:30:56	140.203.212	POST	/ld4s/ov/as
2013-09-30 09:30:56	140.203.212	GET	/ld4s/ov/as
2013-09-30 09:55:24	140.203.212	GET	/ld4s/ov/as
2013-09-30 10:13:04	140.203.212	POST	/ld4s/ov/123
2013-09-30 10:13:04	140.203.212	GET	/ld4s/ov/123
2013-09-30 10:47:38	140.203.212	GET	/ld4s/ov/123
2013-09-30 10:52:24	140.203.212	POST	/ld4s/ov/undefined
2013-09-30 10:52:24	140.203.212	GET	/ld4s/ov/undefined
2013-09-30 10:52:37	140.203.212	POST	/ld4s/device/undefined
2013-09-30 10:52:37	140.203.212	GET	/ld4s/device/undefined
2013-09-30 10:52:46	140.203.212	POST	/ld4s/ov/undefined
2013-09-30 10:52:46	140.203.212	GET	/ld4s/ov/undefined
2013-09-30 10:52:57	140.203.212	POST	/ld4s/platform/undefined
2013-09-30 10:52:57	140.203.212	GET	/ld4s/platform/undefined
2013-09-30 10:54:23	140.203.212	POST	/ld4s/ov/undefined
2013-09-30 10:54:23	140.203.212	GET	/ld4s/ov/undefined
2013-09-30 10:55:01	140.203.212	POST	/ld4s/ov/undefined
2013-09-30 10:55:01	140.203.212	GET	/ld4s/ov/undefined
2013-09-30 10:55:03	140.203.212	POST	/ld4s/ov/undefined
2013-09-30 10:55:03	140.203.212	GET	/ld4s/ov/undefined
2013-09-30 10:57:00	140.203.212	POST	/ld4s/ov/12
2013-09-30 10:57:00	140.203.212	GET	/ld4s/ov/12
2013-09-30 10:59:22	140.203.212	POST	/ld4s/ov/12
2013-09-30 10:59:22	140.203.212	GET	/ld4s/ov/12
2013-09-30 11:00:39	140.203.212	POST	/ld4s/ov/1
2013-09-30 11:00:39	140.203.212	GET	/ld4s/ov/1
2013-09-30 11:01:12	140.203.212	POST	/ld4s/ov/undefined
2013-09-30 11:01:12	140.203.212	GET	/ld4s/ov/undefined
2013-09-30 11:01:29	140.203.212	POST	/ld4s/ov/undefined
2013-09-30 11:01:29	140.203.212	GET	/ld4s/ov/undefined
2013-09-30 11:01:50	140.203.212	POST	/ld4s/ov/1
2013-09-30 11:01:51	140.203.212	GET	/ld4s/ov/1
2013-09-30 11:02:44	140.203.212	POST	/ld4s/ov/1
2013-09-30 11:02:44	140.203.212	GET	/ld4s/ov/1
2013-09-30 11:03:05	140.203.212	POST	/ld4s/ov/undefined
2013-09-30 11:03:05	140.203.212	GET	/ld4s/ov/undefined
2013-09-30 11:03:20	140.203.212	POST	/ld4s/ov/undefined
2013-09-30 11:03:20	140.203.212	GET	/ld4s/ov/undefined
2013-09-30 11:03:32	140.203.212	POST	/ld4s/ov/undefined
2013-09-30 11:03:32	140.203.212	GET	/ld4s/ov/undefined
2013-09-30 11:04:53	140.203.212	POST	/ld4s/tps/12
2013-09-30 11:04:53	140.203.212	GET	/ld4s/tps/12
2013-09-30 11:07:42	140.203.212	POST	/ld4s/ov/undefined
2013-09-30 11:07:42	140.203.212	GET	/ld4s/ov/undefined
2013-09-30 11:07:58	140.203.212	POST	/ld4s/ov/undefined
2013-09-30 11:07:58	140.203.212	GET	/ld4s/ov/undefined
2013-09-30 11:15:28	140.203.212	POST	/ld4s/ov/12
2013-09-30 11:15:28	140.203.212	GET	/ld4s/ov/12
2013-09-30 11:22:59	140.203.212	POST	/ld4s/ov/1
2013-09-30 11:23:00	140.203.212	GET	/ld4s/ov/1
2013-09-30 11:24:31	140.203.212	POST	/ld4s/ov/123
2013-09-30 11:24:32	140.203.212	GET	/ld4s/ov/123
2013-09-30 11:24:33	140.203.212	GET	/ld4s/ov/123
2013-09-30 11:25:21	140.203.212	POST	/ld4s/ov/12
2013-09-30 11:25:21	140.203.212	GET	/ld4s/ov/12
2013-09-30 11:25:24	140.203.212	GET	/ld4s/ov/12
2013-09-30 11:25:29	140.203.212	GET	/ld4s/ov/12
2013-09-30 11:25:30	140.203.212	GET	/ld4s/ov/12
2013-09-30 11:25:32	140.203.212	GET	/ld4s/ov/12
2013-09-30 11:28:53	140.203.212	GET	/ld4s/sparql/SELECT
2013-10-01 06:40:25	176.61.16	GET	/ld4s/sparql/SELECT
2013-10-01 06:41:51	176.61.16	GET	/ld4s/sparql/SELECT
2013-10-01 06:42:11	176.61.16	GET	/ld4s/sparql/SELECT
2013-10-01 06:49:58	176.61.16	GET	/ld4s/sparql/SELECT
2013-10-01 06:51:29	176.61.16	GET	/ld4s/sparql/SELECT
2013-10-01 07:48:18	176.61.16	GET	/ld4s/sparql/SELECT
2013-10-01 07:49:15	176.61.16	GET	/ld4s/ov/12
2013-10-01 07:49:49	176.61.16	GET	/ld4s/ov1/2
2013-10-01 07:53:52	176.61.16	GET	/ld4s/ov/1
2013-10-02 10:57:07	10.196.2	GET	/ld4s/sparql/PREFIX
2013-10-02 11:00:56	10.196.2	GET	/ld4s/sparql/PREFIX
2013-10-02 11:03:03	10.196.2	GET	/ld4s/sparql/PREFIX
2013-10-02 11:03:46	10.196.2	GET	/ld4s/sparql/PREFIX
2013-10-02 11:06:28	10.196.2	GET	/ld4s/sparql/PREFIX
2013-10-02 11:08:03	10.196.2	GET	/ld4s/sparql/PREFIX
2013-10-02 11:10:31	10.196.2	GET	/ld4s/sparql/PREFIX
2013-10-02 11:10:59	10.196.2	GET	/ld4s/sparql/PREFIX
2013-10-02 11:12:40	10.196.2	POST	/ld4s/ov/213
2013-10-02 11:12:41	10.196.2	GET	/ld4s/ov/213
2013-10-02 11:16:46	10.196.2	POST	/ld4s/ov/123
2013-10-02 11:16:46	10.196.2	GET	/ld4s/ov/123
2013-10-02 11:16:59	10.196.2	POST	/ld4s/ov/123
2013-10-02 11:16:59	10.196.2	GET	/ld4s/ov/123
2013-10-02 11:17:36	10.196.2	POST	/ld4s/ov/123
2013-10-02 11:17:36	10.196.2	GET	/ld4s/ov/123
2013-10-03 07:58:39	176.61.16	POST	/ld4s/ov/12
2013-10-03 07:58:39	176.61.16	GET	/ld4s/ov/12
2013-10-03 07:59:17	176.61.16	POST	/ld4s/ov/12
2013-10-03 07:59:17	176.61.16	GET	/ld4s/ov/12
2013-10-03 08:07:45	176.61.16	POST	/ld4s/ov/12
2013-10-03 08:07:45	176.61.16	GET	/ld4s/ov/12
2013-10-03 08:08:07	176.61.16	POST	/ld4s/ov/12
2013-10-03 08:08:07	176.61.16	GET	/ld4s/ov/12
2013-10-03 08:08:39	176.61.16	POST	/ld4s/ov/1
2013-10-03 08:08:39	176.61.16	GET	/ld4s/ov/1
2013-10-03 08:09:02	176.61.16	POST	/ld4s/ov/1
2013-10-03 08:09:02	176.61.16	GET	/ld4s/ov/1
2013-10-03 08:12:02	176.61.16	POST	/ld4s/ov/1
2013-10-03 08:12:03	176.61.16	GET	/ld4s/ov/1
2013-10-03 08:12:24	176.61.16	POST	/ld4s/ov/1
2013-10-03 08:12:24	176.61.16	GET	/ld4s/ov/1
2013-10-03 08:16:44	176.61.16	POST	/ld4s/ov/1
2013-10-03 08:16:44	176.61.16	GET	/ld4s/ov/1
2013-10-03 08:18:17	176.61.16	POST	/ld4s/ov/12
2013-10-03 08:18:17	176.61.16	GET	/ld4s/ov/12
2013-10-03 08:18:45	176.61.16	POST	/ld4s/ov/12
2013-10-03 08:18:45	176.61.16	GET	/ld4s/ov/12
2013-10-03 08:22:09	176.61.16	POST	/ld4s/ov/1
2013-10-03 08:22:09	176.61.16	GET	/ld4s/ov/1
2013-10-03 08:23:22	176.61.16	POST	/ld4s/ov/1
2013-10-03 08:23:22	176.61.16	GET	/ld4s/ov/1
2013-10-03 08:23:50	176.61.16	POST	/ld4s/ov/1
2013-10-03 08:23:50	176.61.16	GET	/ld4s/ov/1
2013-10-03 08:24:12	176.61.16	POST	/ld4s/ov/1
2013-10-03 08:24:12	176.61.16	GET	/ld4s/ov/1
2013-10-03 08:24:43	176.61.16	POST	/ld4s/ov/1
2013-10-03 08:24:44	176.61.16	GET	/ld4s/ov/1
2013-10-03 08:25:07	176.61.16	POST	/ld4s/ov/1
2013-10-03 08:25:07	176.61.16	GET	/ld4s/ov/1
2013-10-03 08:26:08	176.61.16	POST	/ld4s/ov/12
2013-10-03 08:26:08	176.61.16	GET	/ld4s/ov/12
2013-10-03 08:26:56	176.61.16	POST	/ld4s/ov/1
2013-10-03 08:26:56	176.61.16	GET	/ld4s/ov/1
2013-10-03 08:27:20	176.61.16	POST	/ld4s/link/feedback/12
2013-10-03 08:27:20	176.61.16	GET	/ld4s/link/feedback/12
2013-10-03 08:29:51	176.61.16	POST	/ld4s/ov/12
2013-10-03 08:29:51	176.61.16	GET	/ld4s/ov/12
2013-10-03 08:30:18	176.61.16	POST	/ld4s/ov/12
2013-10-03 08:30:18	176.61.16	GET	/ld4s/ov/12
2013-10-03 08:31:27	176.61.16	POST	/ld4s/link/feedback/12
2013-10-03 08:31:27	176.61.16	GET	/ld4s/link/feedback/12
2013-10-03 08:33:36	176.61.16	POST	/ld4s/ov/1
2013-10-03 08:33:36	176.61.16	GET	/ld4s/ov/1
2013-10-03 08:33:48	176.61.16	POST	/ld4s/link/feedback/123
2013-10-03 08:33:48	176.61.16	GET	/ld4s/link/feedback/123
2013-10-03 08:35:27	176.61.16	POST	/ld4s/ov/12
2013-10-03 08:35:27	176.61.16	GET	/ld4s/ov/12
2013-10-03 08:35:52	176.61.16	POST	/ld4s/ov/12
2013-10-03 08:35:52	176.61.16	GET	/ld4s/ov/12
2013-10-03 08:35:59	176.61.16	POST	/ld4s/link/feedback/12
2013-10-03 08:35:59	176.61.16	GET	/ld4s/link/feedback/12
2013-10-03 08:36:55	176.61.16	POST	/ld4s/ov/1
2013-10-03 08:36:55	176.61.16	GET	/ld4s/ov/1
2013-10-03 08:37:19	176.61.16	POST	/ld4s/ov/1
2013-10-03 08:37:20	176.61.16	GET	/ld4s/ov/1
2013-10-03 08:40:51	176.61.16	POST	/ld4s/ov/12
2013-10-03 08:40:51	176.61.16	GET	/ld4s/ov/12
2013-10-03 08:41:18	176.61.16	POST	/ld4s/link/feedback/080a475a
2013-10-03 08:41:18	176.61.16	GET	/ld4s/link/feedback/080a475a
2013-10-03 08:41:22	176.61.16	POST	/ld4s/link/feedback/080a475a
2013-10-03 08:41:22	176.61.16	GET	/ld4s/link/feedback/080a475a
2013-10-03 08:43:38	176.61.16	POST	/ld4s/ov/1
2013-10-03 08:43:39	176.61.16	GET	/ld4s/ov/1
2013-10-03 08:43:52	176.61.16	POST	/ld4s/link/feedback/6305db62
2013-10-03 08:43:52	176.61.16	GET	/ld4s/link/feedback/6305db62
2013-10-03 08:43:54	176.61.16	POST	/ld4s/link/feedback/6305db62
2013-10-03 08:43:54	176.61.16	GET	/ld4s/link/feedback/6305db62
2013-10-03 08:43:54	176.61.16	POST	/ld4s/link/feedback/6305db62
2013-10-03 08:43:54	176.61.16	GET	/ld4s/link/feedback/6305db62
2013-10-03 08:43:55	176.61.16	POST	/ld4s/link/feedback/6305db62
2013-10-03 08:43:55	176.61.16	GET	/ld4s/link/feedback/6305db62
2013-10-03 08:43:55	176.61.16	POST	/ld4s/link/feedback/6305db62
2013-10-03 08:43:55	176.61.16	POST	/ld4s/link/feedback/6305db62
2013-10-03 08:43:55	176.61.16	GET	/ld4s/link/feedback/6305db62
2013-10-03 08:43:55	176.61.16	POST	/ld4s/link/feedback/6305db62
2013-10-03 08:43:55	176.61.16	GET	/ld4s/link/feedback/6305db62
2013-10-03 08:49:38	176.61.16	POST	/ld4s/link/feedback/6305db62
2013-10-03 08:49:38	176.61.16	GET	/ld4s/link/feedback/6305db62
2013-10-03 08:49:58	176.61.16	POST	/ld4s/link/feedback/6305db62
2013-10-03 08:49:58	176.61.16	GET	/ld4s/link/feedback/6305db62
2013-10-03 08:53:17	176.61.16	POST	/ld4s/ov/12
2013-10-03 08:53:17	176.61.16	GET	/ld4s/ov/12
2013-10-03 08:56:10	176.61.16	POST	/ld4s/ov/1
2013-10-03 08:56:10	176.61.16	GET	/ld4s/ov/1
2013-10-03 09:00:17	176.61.16	POST	/ld4s/ov/1
2013-10-03 09:00:17	176.61.16	GET	/ld4s/ov/1
2013-10-03 09:01:01	176.61.16	POST	/ld4s/ov/1
2013-10-03 09:01:01	176.61.16	GET	/ld4s/ov/1
2013-10-03 09:02:00	176.61.16	POST	/ld4s/ov/1
2013-10-03 09:02:00	176.61.16	GET	/ld4s/ov/1
2013-10-03 09:02:30	176.61.16	POST	/ld4s/ov/1
2013-10-03 09:02:30	176.61.16	GET	/ld4s/ov/1
2013-10-03 09:04:18	176.61.16	POST	/ld4s/ov/1
2013-10-03 09:04:18	176.61.16	GET	/ld4s/ov/1
2013-10-03 09:04:38	176.61.16	POST	/ld4s/ov/1
2013-10-03 09:04:38	176.61.16	GET	/ld4s/ov/1
2013-10-03 09:05:32	176.61.16	POST	/ld4s/ov/1
2013-10-03 09:05:33	176.61.16	GET	/ld4s/ov/1
2013-10-03 09:06:44	176.61.16	POST	/ld4s/ov/12
2013-10-03 09:06:44	176.61.16	GET	/ld4s/ov/12
2013-10-03 09:06:49	176.61.16	POST	/ld4s/link/feedback/b678e473
2013-10-03 09:06:50	176.61.16	GET	/ld4s/link/feedback/b678e473
2013-10-07 08:28:28	140.203.213	POST	/ld4s/ov/12
2013-10-07 08:28:28	140.203.213	GET	/ld4s/ov/12
2013-10-07 12:09:46	194.219.25	GET	/ld4s/sparql/PREFIX
2013-10-07 12:11:32	194.219.25	POST	/ld4s/device/34
2013-10-07 12:11:32	194.219.25	GET	/ld4s/device/34
2013-10-07 12:12:32	194.219.25	POST	/ld4s/device/34
2013-10-07 12:12:32	194.219.25	GET	/ld4s/device/34
2013-10-07 12:13:36	194.219.25	POST	/ld4s/link/feedback/6e0179e7
2013-10-07 12:13:36	194.219.25	GET	/ld4s/link/feedback/6e0179e7
2013-10-07 12:14:08	194.219.25	GET	/ld4s/link/http
2013-10-07 12:14:37	194.219.25	GET	/ld4s/link/http
2013-10-07 12:14:57	194.219.25	GET	/ld4s/link/feedback/6e0179e7
2013-10-07 12:16:11	194.219.25	POST	/ld4s/link/http
2013-10-07 12:17:11	194.219.25	POST	/ld4s/device/34
2013-10-07 12:17:13	194.219.25	GET	/ld4s/device/34
2013-10-07 12:19:59	194.219.25	GET	/ld4s/device/34
2013-10-07 12:20:27	194.219.25	GET	/ld4s/link/http
2013-10-07 12:20:36	194.219.25	GET	/ld4s/device/34
2013-10-07 12:20:46	194.219.25	GET	/ld4s/link/http
2013-10-07 12:21:00	194.219.25	GET	/ld4s/link/http
2013-10-07 12:22:09	194.219.25	GET	/ld4s/link/http
2013-10-07 12:22:22	194.219.25	GET	/ld4s/link/http
2013-10-07 12:23:31	194.219.25	POST	/ld4s/device/idtest1
2013-10-07 12:23:32	194.219.25	GET	/ld4s/device/idtest1
2013-10-07 12:23:51	194.219.25	GET	/ld4s/link/http
2013-10-07 12:23:58	194.219.25	GET	/ld4s/link/http
2013-10-07 12:24:09	194.219.25	GET	/ld4s/link/http
2013-10-07 12:24:27	194.219.25	GET	/ld4s/link/http
2013-10-07 12:25:20	194.219.25	POST	/ld4s/link/feedback/4a543456
2013-10-07 12:25:21	194.219.25	GET	/ld4s/link/feedback/4a543456
2013-10-07 12:26:15	194.219.25	GET	/ld4s/link/http
2013-10-07 12:26:24	194.219.25	GET	/ld4s/link/http
2013-10-07 12:37:17	194.219.25	GET	/ld4s/link/feedback/4a543456
2013-10-07 12:40:09	194.219.25	GET	/ld4s/link/http
2013-10-07 12:40:14	194.219.25	GET	/ld4s/link/http
2013-10-07 13:01:21	194.219.25	GET	/ld4s/device/idtest1
2013-10-07 13:02:22	194.219.25	GET	/ld4s/link/http
2013-10-07 13:02:33	194.219.25	GET	/ld4s/link/feedback/4a543456
2013-10-08 07:07:01	150.140.5	GET	/ld4s/property/Light
2013-10-08 07:13:16	150.140.5	PUT	/ld4s/device/dimitristest
2013-10-08 07:13:44	150.140.5	PUT	/ld4s/device/dimitristest
2013-10-08 07:13:58	150.140.5	PUT	/ld4s/device/dimitristest12
2013-10-08 07:14:16	150.140.5	GET	/ld4s/device/dimitristest12
2013-10-08 07:15:53	150.140.5	POST	/ld4s/device/patrastest1
2013-10-08 07:15:53	150.140.5	GET	/ld4s/device/patrastest1
2013-10-08 07:16:02	150.140.5	POST	/ld4s/device/patrastest1
2013-10-08 07:16:02	150.140.5	GET	/ld4s/device/patrastest1
2013-10-08 07:16:13	150.140.5	GET	/ld4s/res/property/light
2013-10-08 07:16:21	150.140.5	GET	/ld4s/res/property/light
2013-10-08 07:16:30	150.140.5	GET	/ld4s/property/light
2013-10-08 07:27:57	10.196.2	POST	/ld4s/ov/1
2013-10-08 07:27:57	10.196.2	GET	/ld4s/ov/1
2013-10-08 07:29:21	10.196.2	POST	/ld4s/ov/1
2013-10-08 07:29:21	10.196.2	GET	/ld4s/ov/1
2013-10-08 07:29:39	10.196.2	POST	/ld4s/link/feedback/3cbc2d8c
2013-10-08 07:29:39	10.196.2	GET	/ld4s/link/feedback/3cbc2d8c
2013-10-08 07:36:23	150.140.5	PUT	/ld4s/device/dimitristest
2013-10-08 07:36:37	150.140.5	PUT	/ld4s/device/dimitristest
2013-10-08 07:37:58	150.140.5	POST	/ld4s/device/dimitristest
2013-10-08 07:39:31	150.140.5	POST	/ld4s/device/dimitristest
2013-10-08 07:39:49	150.140.5	GET	/ld4s/res/uom/lux
2013-10-08 07:40:07	150.140.5	GET	/ld4s/res/uom/lux
2013-10-08 07:40:36	150.140.5	GET	/ld4s/res/property/light
2013-10-08 07:40:46	150.140.5	GET	/ld4s/res/property/light
2013-10-08 07:42:39	150.140.5	PUT	/ld4s/device/a12b
2013-10-08 07:43:00	150.140.5	GET	/ld4s/res/uom/lux
2013-10-08 07:43:35	150.140.5	GET	/ld4s/link/http
2013-10-08 07:45:10	10.196.2	POST	/ld4s/ov/11
2013-10-08 07:45:10	10.196.2	GET	/ld4s/ov/11
2013-10-08 07:45:36	10.196.2	POST	/ld4s/ov/11
2013-10-08 07:45:36	10.196.2	GET	/ld4s/ov/11
2013-10-08 07:45:46	10.196.2	POST	/ld4s/link/feedback/3f9df67a
2013-10-08 07:45:46	10.196.2	GET	/ld4s/link/feedback/3f9df67a
2013-10-08 07:49:01	150.140.5	POST	/ld4s/device/a12b
2013-10-08 07:52:02	150.140.5	POST	/ld4s/device/a12b
2013-10-08 07:52:45	150.140.5	GET	/ld4s/res/uom/lux
2013-10-08 07:53:03	150.140.5	GET	/ld4s/res/property/light
2013-10-08 07:56:26	150.140.5	POST	/ld4s/device/a12b
2013-10-08 08:04:49	10.196.2	POST	/ld4s/ov/12
2013-10-08 08:04:49	10.196.2	GET	/ld4s/ov/12
2013-10-08 08:05:11	10.196.2	POST	/ld4s/ov/12
2013-10-08 08:05:11	10.196.2	GET	/ld4s/ov/12
2013-10-08 08:05:20	10.196.2	POST	/ld4s/link/feedback/66440689
2013-10-08 08:05:20	10.196.2	GET	/ld4s/link/feedback/66440689
2013-10-08 08:06:16	10.196.2	POST	/ld4s/ov/1
2013-10-08 08:06:16	10.196.2	GET	/ld4s/ov/1
2013-10-08 08:10:00	10.196.2	POST	/ld4s/ov/12
2013-10-08 08:10:00	10.196.2	GET	/ld4s/ov/12
2013-10-08 08:32:43	10.196.2	POST	/ld4s/link/feedback/d273cf22
2013-10-08 08:32:43	10.196.2	GET	/ld4s/link/feedback/d273cf22
2013-10-08 08:40:00	10.196.2	POST	/ld4s/ov/12
2013-10-08 08:40:00	10.196.2	GET	/ld4s/ov/12
2013-10-08 08:41:32	10.196.2	POST	/ld4s/link/feedback/97fe0410
2013-10-08 08:41:32	10.196.2	GET	/ld4s/link/feedback/97fe0410
2013-10-08 08:44:24	10.196.2	POST	/ld4s/ov/123
2013-10-08 08:44:24	10.196.2	GET	/ld4s/ov/123
2013-10-08 08:44:33	10.196.2	POST	/ld4s/link/feedback/af895919
2013-10-08 08:44:33	10.196.2	GET	/ld4s/link/feedback/af895919
2013-10-08 08:44:52	10.196.2	POST	/ld4s/link/feedback/af895919
2013-10-08 08:44:53	10.196.2	GET	/ld4s/link/feedback/af895919
2013-10-08 08:46:34	10.196.2	POST	/ld4s/ov/12
2013-10-08 08:46:34	10.196.2	GET	/ld4s/ov/12
2013-10-08 08:46:43	10.196.2	POST	/ld4s/link/feedback/24942b29
2013-10-08 08:46:43	10.196.2	GET	/ld4s/link/feedback/24942b29
2013-10-08 08:47:29	10.196.2	POST	/ld4s/ov/12
2013-10-08 08:47:29	10.196.2	GET	/ld4s/ov/12
2013-10-08 08:47:36	10.196.2	POST	/ld4s/link/feedback/cdc4cd15
2013-10-08 08:47:36	10.196.2	GET	/ld4s/link/feedback/cdc4cd15
2013-10-08 08:49:31	10.196.2	GET	/ld4s/link/feedback/cdc4cd15
2013-10-08 08:51:33	10.196.2	GET	/ld4s/link/feedback/cdc4cd15
2013-10-08 08:52:02	10.196.2	GET	/ld4s/link/http
2013-10-08 09:16:34	150.140.5	GET	/ld4s/sparql/PREFIX
2013-10-08 09:23:08	150.140.5	GET	/ld4s/sparql/PREFIX
2013-10-08 09:24:21	150.140.5	POST	/ld4s/tps/idtest1
2013-10-08 09:24:21	150.140.5	GET	/ld4s/tps/idtest1
2013-10-08 09:31:54	10.196.2	POST	/ld4s/ov/12
2013-10-08 09:31:54	10.196.2	GET	/ld4s/ov/12
2013-10-08 09:32:09	10.196.2	GET	/ld4s/link/http
2013-10-08 09:32:19	10.196.2	POST	/ld4s/link/feedback/ee752ee8
2013-10-08 09:32:19	10.196.2	GET	/ld4s/link/feedback/ee752ee8
2013-10-08 09:32:23	10.196.2	GET	/ld4s/link/http
2013-10-08 09:32:29	10.196.2	GET	/ld4s/link/http
2013-10-08 09:32:31	10.196.2	GET	/ld4s/link/http
2013-10-08 09:32:33	10.196.2	GET	/ld4s/link/http
2013-10-08 09:32:35	10.196.2	GET	/ld4s/link/http
2013-10-08 09:32:37	10.196.2	GET	/ld4s/link/http
2013-10-08 09:38:34	10.196.2	GET	/ld4s/link/http
2013-10-08 09:38:55	10.196.2	GET	/ld4s/link/http
2013-10-08 09:39:39	10.196.2	GET	/ld4s/link/http
2013-10-08 09:45:29	10.196.2	GET	/ld4s/link/http
2013-10-08 09:46:05	10.196.2	GET	/ld4s/link/http
2013-10-08 09:46:35	10.196.2	GET	/ld4s/link/http
2013-10-08 09:47:03	10.196.2	GET	/ld4s/link/http
2013-10-08 09:50:47	10.196.2	POST	/ld4s/ov/123
2013-10-08 09:50:47	10.196.2	GET	/ld4s/ov/123
2013-10-08 09:51:08	10.196.2	GET	/ld4s/link/http
2013-10-08 09:51:20	10.196.2	GET	/ld4s/link/http
2013-10-08 09:51:26	10.196.2	GET	/ld4s/link/http
2013-10-08 09:53:30	10.196.2	POST	/ld4s/ov/123
2013-10-08 09:53:30	10.196.2	GET	/ld4s/ov/123
2013-10-08 09:53:38	10.196.2	POST	/ld4s/link/feedback/f3d20223
2013-10-08 09:53:38	10.196.2	GET	/ld4s/link/feedback/f3d20223
2013-10-08 09:54:33	10.196.2	GET	/ld4s/link/http
2013-10-08 09:56:05	10.196.2	GET	/ld4s/link/http
2013-10-08 09:59:24	10.196.2	POST	/ld4s/ov/123
2013-10-08 09:59:24	10.196.2	GET	/ld4s/ov/123
2013-10-08 09:59:33	10.196.2	GET	/ld4s/link/http
2013-10-08 10:01:47	10.196.2	GET	/ld4s/link/http
2013-10-08 10:01:47	10.196.2	GET	/ld4s/link/feedback/f3d20223
2013-10-08 10:01:58	10.196.2	GET	/ld4s/link/feedback/f3d20223
2013-10-08 10:02:44	10.196.2	GET	/ld4s/link/http
2013-10-08 10:02:44	10.196.2	GET	/ld4s/link/feedback/f3d20223
2013-10-08 10:03:06	10.196.2	GET	/ld4s/link/http
2013-10-08 10:03:06	10.196.2	GET	/ld4s/link/feedback/f3d20223
2013-10-08 10:21:24	150.140.5	POST	/ld4s/device/idtest1
2013-10-08 10:21:24	150.140.5	GET	/ld4s/device/idtest1
2013-10-08 10:22:52	150.140.5	POST	/ld4s/device/idtest1
2013-10-08 10:22:52	150.140.5	GET	/ld4s/device/idtest1
2013-10-08 13:05:49	150.140.5	POST	/ld4s/device/a12b
2013-10-08 13:06:29	150.140.5	POST	/ld4s/device/a12b
2013-10-08 13:06:45	150.140.5	POST	/ld4s/device/a12b
2013-10-08 13:07:05	150.140.5	GET	/ld4s/res/property/temperature
2013-10-08 13:07:57	150.140.5	GET	/ld4s/res/property/temperature
2013-10-08 13:08:00	150.140.5	POST	/ld4s/device/a12b
2013-10-08 13:08:11	150.140.5	GET	/ld4s/device/a12b
2013-10-08 13:08:19	150.140.5	GET	/ld4s/device/a12b
2013-10-08 13:12:43	150.140.5	POST	/ld4s/device/urn
2013-10-08 13:12:55	150.140.5	GET	/ld4s/device/urn
2013-10-08 13:12:59	150.140.5	GET	/ld4s/res/property/temperature
2013-10-08 13:13:04	150.140.5	GET	/ld4s/res/property/light
2013-10-08 13:13:20	150.140.5	GET	/ld4s/res/property/temperature
2013-10-08 13:13:23	150.140.5	GET	/ld4s/res/property/temperature
2013-10-08 13:13:23	150.140.5	GET	/ld4s/res/property/temperature
2013-10-08 13:13:34	150.140.5	GET	/ld4s/res/property/light
2013-10-08 13:13:50	150.140.5	GET	/ld4s/res/property/light
2013-10-08 13:13:58	150.140.5	GET	/ld4s/res/property/temperature
2013-10-08 13:14:03	150.140.5	POST	/ld4s/device/a12b
2013-10-08 13:14:05	150.140.5	GET	/ld4s/res/property/light
2013-10-08 13:14:22	150.140.5	GET	/ld4s/res/property/light
2013-10-08 13:14:36	150.140.5	GET	/ld4s/link/http
2013-10-08 13:15:07	150.140.5	POST	/ld4s/device/urn
2013-10-08 13:28:25	150.140.5	PUT	/ld4s/device/test2
2013-10-08 13:28:53	150.140.5	GET	/ld4s/res/property/current
2013-10-08 13:35:02	150.140.5	GET	/ld4s/link/http
2013-10-08 14:00:21	150.140.5	PUT	/ld4s/device/test1
2013-10-08 14:14:58	150.140.5	PUT	/ld4s/device/test1
2013-10-08 14:16:58	150.140.5	PUT	/ld4s/device/test1
2013-10-08 14:18:57	150.140.5	PUT	/ld4s/device/test1
2013-10-08 14:20:57	150.140.5	PUT	/ld4s/device/test1
2013-10-08 14:22:57	150.140.5	PUT	/ld4s/device/test1
2013-10-08 14:24:57	150.140.5	PUT	/ld4s/device/test1
2013-10-08 14:26:57	150.140.5	PUT	/ld4s/device/test1
2013-10-08 14:28:57	150.140.5	PUT	/ld4s/device/test1
2013-10-08 14:30:57	150.140.5	PUT	/ld4s/device/test1
2013-10-08 14:32:57	150.140.5	PUT	/ld4s/device/test1
2013-10-08 18:10:54	194.219.25	PUT	/ld4s/device/test1_1
2013-10-09 02:43:43	194.219.25	PUT	/ld4s/device/test5_4
2013-10-09 02:45:47	194.219.25	PUT	/ld4s/device/test9_8
2013-10-09 02:45:47	194.219.25	PUT	/ld4s/device/test5_4
2013-10-09 02:45:47	194.219.25	PUT	/ld4s/device/test7_6
2013-10-09 02:46:51	194.219.25	PUT	/ld4s/device/test9_8
2013-10-09 02:46:51	194.219.25	PUT	/ld4s/device/test5_4
2013-10-09 02:46:51	194.219.25	PUT	/ld4s/device/test7_6
2013-10-09 02:49:19	194.219.25	PUT	/ld4s/device/test1_1
2013-10-09 02:51:13	194.219.25	PUT	/ld4s/device/test2_1
2013-10-09 02:53:13	194.219.25	PUT	/ld4s/device/test2_1
2013-10-09 02:55:13	194.219.25	PUT	/ld4s/device/test2_1
2013-10-09 02:58:39	194.219.25	PUT	/ld4s/device/test1_1
2013-10-09 02:59:15	194.219.25	PUT	/ld4s/device/test1_1
2013-10-09 03:01:16	194.219.25	PUT	/ld4s/device/test2_1
2013-10-09 03:03:16	194.219.25	PUT	/ld4s/device/test2_1
2013-10-09 03:05:16	194.219.25	PUT	/ld4s/device/test2_1
2013-10-09 03:07:15	194.219.25	PUT	/ld4s/device/test2_1
2013-10-09 03:09:15	194.219.25	PUT	/ld4s/device/test2_1
2013-10-09 03:11:15	194.219.25	PUT	/ld4s/device/test2_1
2013-10-09 03:13:15	194.219.25	PUT	/ld4s/device/test2_1
2013-10-09 03:15:15	194.219.25	PUT	/ld4s/device/test2_1
2013-10-09 03:17:15	194.219.25	PUT	/ld4s/device/test2_1
2013-10-09 03:19:15	194.219.25	PUT	/ld4s/device/test2_1
2013-10-09 03:21:15	194.219.25	PUT	/ld4s/device/test2_1
2013-10-09 03:23:15	194.219.25	PUT	/ld4s/device/test2_1
2013-10-09 03:25:15	194.219.25	PUT	/ld4s/device/test2_1
2013-10-09 03:27:15	194.219.25	PUT	/ld4s/device/test2_1
2013-10-09 03:29:15	194.219.25	PUT	/ld4s/device/test2_1
2013-10-09 03:31:15	194.219.25	PUT	/ld4s/device/test2_1
2013-10-09 03:33:15	194.219.25	PUT	/ld4s/device/test2_1
2013-10-09 03:35:15	194.219.25	PUT	/ld4s/device/test2_1
2013-10-09 03:37:15	194.219.25	PUT	/ld4s/device/test2_1
2013-10-09 03:39:15	194.219.25	PUT	/ld4s/device/test2_1
2013-10-09 03:41:15	194.219.25	PUT	/ld4s/device/test2_1
2013-10-09 03:43:15	194.219.25	PUT	/ld4s/device/test2_1
2013-10-09 03:45:20	194.219.25	PUT	/ld4s/device/test2_1
2013-10-09 03:47:15	194.219.25	PUT	/ld4s/device/test2_1
2013-10-09 03:49:15	194.219.25	PUT	/ld4s/device/test2_1
2013-10-09 03:51:15	194.219.25	PUT	/ld4s/device/test2_1
2013-10-09 03:53:15	194.219.25	PUT	/ld4s/device/test2_1
2013-10-09 05:23:08	150.140.5	POST	/ld4s/device/456
2013-10-09 05:25:08	150.140.5	POST	/ld4s/device/456
2013-10-09 05:27:08	150.140.5	POST	/ld4s/device/456
2013-10-09 05:29:08	150.140.5	POST	/ld4s/device/456
2013-10-09 05:31:08	150.140.5	POST	/ld4s/device/456
2013-10-09 05:33:08	150.140.5	POST	/ld4s/device/456
2013-10-09 05:35:08	150.140.5	POST	/ld4s/device/456
2013-10-09 05:37:08	150.140.5	POST	/ld4s/device/456
2013-10-09 05:39:08	150.140.5	POST	/ld4s/device/456
2013-10-09 05:41:08	150.140.5	POST	/ld4s/device/456
2013-10-09 05:43:08	150.140.5	POST	/ld4s/device/456
2013-10-09 05:45:33	150.140.5	POST	/ld4s/device/456
2013-10-09 05:47:08	150.140.5	POST	/ld4s/device/456
2013-10-09 05:49:08	150.140.5	POST	/ld4s/device/456
2013-10-09 05:51:08	150.140.5	POST	/ld4s/device/456
2013-10-09 05:53:08	150.140.5	POST	/ld4s/device/456
2013-10-09 05:55:08	150.140.5	POST	/ld4s/device/456
2013-10-09 05:57:08	150.140.5	POST	/ld4s/device/456
2013-10-09 05:59:08	150.140.5	POST	/ld4s/device/456
2013-10-09 06:01:09	150.140.5	POST	/ld4s/device/456
2013-10-09 06:03:08	150.140.5	POST	/ld4s/device/456
2013-10-09 06:03:54	150.140.5	POST	/ld4s/device/urn
2013-10-09 06:04:13	150.140.5	POST	/ld4s/device/urn
2013-10-09 06:04:28	150.140.5	POST	/ld4s/device/191
2013-10-09 06:05:08	150.140.5	POST	/ld4s/device/456
2013-10-09 06:05:20	150.140.5	POST	/ld4s/device/191
2013-10-09 06:07:08	150.140.5	POST	/ld4s/device/456
2013-10-09 06:09:08	150.140.5	POST	/ld4s/device/456
2013-10-09 06:11:08	150.140.5	POST	/ld4s/device/456
2013-10-09 06:13:08	150.140.5	POST	/ld4s/device/456
2013-10-09 06:15:08	150.140.5	POST	/ld4s/device/456
2013-10-09 06:17:08	150.140.5	POST	/ld4s/device/456
2013-10-09 06:19:08	150.140.5	POST	/ld4s/device/456
2013-10-09 06:21:08	150.140.5	POST	/ld4s/device/456
2013-10-09 06:23:08	150.140.5	POST	/ld4s/device/456
2013-10-09 06:25:09	150.140.5	POST	/ld4s/device/456
2013-10-09 06:27:08	150.140.5	POST	/ld4s/device/456
2013-10-09 06:29:08	150.140.5	POST	/ld4s/device/456
2013-10-09 06:31:08	150.140.5	POST	/ld4s/device/456
2013-10-09 06:33:08	150.140.5	POST	/ld4s/device/456
2013-10-09 06:35:08	150.140.5	POST	/ld4s/device/456
2013-10-09 06:37:09	150.140.5	POST	/ld4s/device/456
2013-10-09 06:39:08	150.140.5	POST	/ld4s/device/456
2013-10-09 06:41:08	150.140.5	POST	/ld4s/device/456
2013-10-09 06:43:08	150.140.5	POST	/ld4s/device/456
2013-10-09 06:46:57	150.140.5	GET	/ld4s/device/a12b
2013-10-09 06:48:57	150.140.5	GET	/ld4s/device/a12b
2013-10-09 06:50:57	150.140.5	GET	/ld4s/device/a12b
2013-10-09 06:51:21	150.140.5	POST	/ld4s/device/191
2013-10-09 06:51:43	150.140.5	POST	/ld4s/device/191
2013-10-09 06:52:57	150.140.5	GET	/ld4s/device/a12b
2013-10-09 06:53:25	150.140.5	POST	/ld4s/device/191
2013-10-09 06:53:42	150.140.5	POST	/ld4s/device/191
2013-10-09 06:54:57	150.140.5	GET	/ld4s/device/a12b
2013-10-09 06:55:39	150.140.5	POST	/ld4s/device/urn
2013-10-09 06:56:57	150.140.5	GET	/ld4s/device/a12b
2013-10-09 06:58:06	150.140.5	POST	/ld4s/device/urn
2013-10-09 06:58:24	150.140.5	POST	/ld4s/device/urn
2013-10-09 06:58:51	150.140.5	POST	/ld4s/device/urn
2013-10-09 06:58:57	150.140.5	GET	/ld4s/device/a12b
2013-10-09 07:00:57	150.140.5	GET	/ld4s/device/a12b
2013-10-09 07:02:57	150.140.5	GET	/ld4s/device/a12b
2013-10-09 07:04:57	150.140.5	GET	/ld4s/device/a12b
2013-10-09 07:06:57	150.140.5	GET	/ld4s/device/a12b
2013-10-09 07:08:57	150.140.5	GET	/ld4s/device/a12b
2013-10-09 07:10:57	150.140.5	GET	/ld4s/device/a12b
2013-10-09 07:12:57	150.140.5	GET	/ld4s/device/a12b
2013-10-09 07:14:57	150.140.5	GET	/ld4s/device/a12b
2013-10-09 07:16:57	150.140.5	GET	/ld4s/device/a12b
2013-10-09 07:18:57	150.140.5	GET	/ld4s/device/a12b
2013-10-09 07:20:57	150.140.5	GET	/ld4s/device/a12b
2013-10-09 07:22:57	150.140.5	GET	/ld4s/device/a12b
2013-10-09 07:24:57	150.140.5	GET	/ld4s/device/a12b
2013-10-09 07:26:19	150.140.5	POST	/ld4s/device/urn
2013-10-09 07:26:56	150.140.5	POST	/ld4s/device/urn
2013-10-09 07:26:57	150.140.5	GET	/ld4s/device/a12b
2013-10-09 07:28:57	150.140.5	GET	/ld4s/device/a12b
2013-10-09 07:30:57	150.140.5	GET	/ld4s/device/a12b
2013-10-09 07:32:57	150.140.5	GET	/ld4s/device/a12b
2013-10-09 07:33:01	150.140.5	POST	/ld4s/device/urn
2013-10-09 07:33:01	150.140.5	POST	/ld4s/device/urn
2013-10-09 07:34:57	150.140.5	GET	/ld4s/device/a12b
2013-10-09 07:36:57	150.140.5	GET	/ld4s/device/a12b
2013-10-09 07:38:57	150.140.5	GET	/ld4s/device/a12b
2013-10-09 07:40:57	150.140.5	GET	/ld4s/device/a12b
2013-10-09 07:42:57	150.140.5	GET	/ld4s/device/a12b
2013-10-09 07:44:57	150.140.5	GET	/ld4s/device/a12b
2013-10-09 07:46:57	150.140.5	GET	/ld4s/device/a12b
2013-10-09 07:48:37	150.140.5	POST	/ld4s/device/urn
2013-10-09 07:48:37	150.140.5	POST	/ld4s/device/urn
2013-10-09 07:48:57	150.140.5	GET	/ld4s/device/a12b
2013-10-09 07:50:57	150.140.5	GET	/ld4s/device/a12b
2013-10-09 07:52:48	150.140.5	POST	/ld4s/device/urn
2013-10-09 07:52:57	150.140.5	GET	/ld4s/device/a12b
2013-10-09 07:54:57	150.140.5	GET	/ld4s/device/a12b
2013-10-09 07:56:57	150.140.5	GET	/ld4s/device/a12b
2013-10-09 07:58:57	150.140.5	GET	/ld4s/device/a12b
2013-10-09 08:00:57	150.140.5	GET	/ld4s/device/a12b
2013-10-09 08:02:57	150.140.5	GET	/ld4s/device/a12b
2013-10-09 08:04:57	150.140.5	GET	/ld4s/device/a12b
2013-10-09 08:06:07	150.140.5	POST	/ld4s/device/urn
2013-10-09 08:06:07	150.140.5	POST	/ld4s/device/urn
2013-10-09 08:06:57	150.140.5	GET	/ld4s/device/a12b
2013-10-09 08:08:57	150.140.5	GET	/ld4s/device/a12b
2013-10-09 08:10:57	150.140.5	GET	/ld4s/device/a12b
2013-10-09 08:12:57	150.140.5	GET	/ld4s/device/a12b
2013-10-09 08:13:21	150.140.5	GET	/ld4s/link/http
2013-10-09 08:14:57	150.140.5	GET	/ld4s/device/a12b
2013-10-09 08:16:57	150.140.5	GET	/ld4s/device/a12b
2013-10-09 08:18:57	150.140.5	GET	/ld4s/device/a12b
2013-10-09 08:20:57	150.140.5	GET	/ld4s/device/a12b
2013-10-09 08:22:57	150.140.5	GET	/ld4s/device/a12b
2013-10-09 08:24:57	150.140.5	GET	/ld4s/device/a12b
2013-10-09 08:26:58	150.140.5	GET	/ld4s/device/a12b
2013-10-09 08:28:57	150.140.5	GET	/ld4s/device/a12b
2013-10-09 08:30:57	150.140.5	GET	/ld4s/device/a12b
2013-10-09 08:32:57	150.140.5	GET	/ld4s/device/a12b
2013-10-09 08:34:57	150.140.5	GET	/ld4s/device/a12b
2013-10-09 08:36:57	150.140.5	GET	/ld4s/device/a12b
2013-10-09 08:38:57	150.140.5	GET	/ld4s/device/a12b
2013-10-09 08:40:57	150.140.5	GET	/ld4s/device/a12b
2013-10-09 08:42:57	150.140.5	GET	/ld4s/device/a12b
2013-10-09 08:44:58	150.140.5	GET	/ld4s/device/a12b
2013-10-09 08:46:57	150.140.5	GET	/ld4s/device/a12b
2013-10-09 08:48:57	150.140.5	GET	/ld4s/device/a12b
2013-10-09 08:50:57	150.140.5	GET	/ld4s/device/a12b
2013-10-09 08:52:58	150.140.5	GET	/ld4s/device/a12b
2013-10-09 08:54:57	150.140.5	GET	/ld4s/device/a12b
2013-10-09 08:56:57	150.140.5	GET	/ld4s/device/a12b
2013-10-09 08:58:58	150.140.5	GET	/ld4s/device/a12b
2013-10-09 09:00:58	150.140.5	GET	/ld4s/device/a12b
2013-10-09 09:02:57	150.140.5	GET	/ld4s/device/a12b
2013-10-09 09:04:57	150.140.5	GET	/ld4s/device/a12b
2013-10-09 09:06:58	150.140.5	GET	/ld4s/device/a12b
2013-10-09 09:08:58	150.140.5	GET	/ld4s/device/a12b
2013-10-09 09:10:57	150.140.5	GET	/ld4s/device/a12b
2013-10-09 09:12:58	150.140.5	GET	/ld4s/device/a12b
2013-10-09 09:14:58	150.140.5	GET	/ld4s/device/a12b
2013-10-09 09:16:57	150.140.5	GET	/ld4s/device/a12b
2013-10-09 09:18:57	150.140.5	GET	/ld4s/device/a12b
2013-10-09 09:20:58	150.140.5	GET	/ld4s/device/a12b
2013-10-09 09:22:58	150.140.5	GET	/ld4s/device/a12b
2013-10-09 09:24:58	150.140.5	GET	/ld4s/device/a12b
2013-10-09 09:26:58	150.140.5	GET	/ld4s/device/a12b
2013-10-09 09:28:58	150.140.5	GET	/ld4s/device/a12b
2013-10-09 09:30:58	150.140.5	GET	/ld4s/device/a12b
2013-10-09 09:32:58	150.140.5	GET	/ld4s/device/a12b
2013-10-09 09:34:58	150.140.5	GET	/ld4s/device/a12b
2013-10-09 09:36:58	150.140.5	GET	/ld4s/device/a12b
2013-10-09 09:38:58	150.140.5	GET	/ld4s/device/a12b
2013-10-09 09:40:58	150.140.5	GET	/ld4s/device/a12b
2013-10-09 09:42:58	150.140.5	GET	/ld4s/device/a12b
2013-10-09 09:44:58	150.140.5	GET	/ld4s/device/a12b
2013-10-09 09:45:47	150.140.5	GET	/ld4s/sparql/PREFIX
2013-10-09 09:46:58	150.140.5	GET	/ld4s/device/a12b
2013-10-09 09:48:58	150.140.5	GET	/ld4s/device/a12b
2013-10-09 09:50:58	150.140.5	GET	/ld4s/device/a12b
2013-10-09 09:52:58	150.140.5	GET	/ld4s/device/a12b
2013-10-09 09:54:58	150.140.5	GET	/ld4s/device/a12b
2013-10-09 09:56:58	150.140.5	GET	/ld4s/device/a12b
2013-10-09 09:58:58	150.140.5	GET	/ld4s/device/a12b
2013-10-09 10:00:58	150.140.5	GET	/ld4s/device/a12b
2013-10-09 10:02:58	150.140.5	GET	/ld4s/device/a12b
2013-10-09 10:04:58	150.140.5	GET	/ld4s/device/a12b
2013-10-09 10:06:58	150.140.5	GET	/ld4s/device/a12b
2013-10-09 10:08:58	150.140.5	GET	/ld4s/device/a12b
2013-10-09 10:10:58	150.140.5	GET	/ld4s/device/a12b
2013-10-09 10:12:58	150.140.5	GET	/ld4s/device/a12b
2013-10-09 10:14:58	150.140.5	GET	/ld4s/device/a12b
2013-10-09 10:16:58	150.140.5	GET	/ld4s/device/a12b
2013-10-09 10:18:58	150.140.5	GET	/ld4s/device/a12b
2013-10-09 10:20:58	150.140.5	GET	/ld4s/device/a12b
2013-10-09 10:22:58	150.140.5	GET	/ld4s/device/a12b
2013-10-09 10:24:58	150.140.5	GET	/ld4s/device/a12b
2013-10-09 10:26:58	150.140.5	GET	/ld4s/device/a12b
2013-10-09 10:28:58	150.140.5	GET	/ld4s/device/a12b
2013-10-09 10:30:58	150.140.5	GET	/ld4s/device/a12b
2013-10-09 10:32:58	150.140.5	GET	/ld4s/device/a12b
2013-10-09 10:34:58	150.140.5	GET	/ld4s/device/a12b
2013-10-09 10:36:58	150.140.5	GET	/ld4s/device/a12b
2013-10-09 10:38:58	150.140.5	GET	/ld4s/device/a12b
2013-10-09 10:40:58	150.140.5	GET	/ld4s/device/a12b
2013-10-09 10:42:58	150.140.5	GET	/ld4s/device/a12b
2013-10-09 10:44:58	150.140.5	GET	/ld4s/device/a12b
2013-10-09 10:46:58	150.140.5	GET	/ld4s/device/a12b
2013-10-09 10:48:58	150.140.5	GET	/ld4s/device/a12b
2013-10-09 10:50:58	150.140.5	GET	/ld4s/device/a12b
2013-10-09 10:52:58	150.140.5	GET	/ld4s/device/a12b
2013-10-09 10:54:58	150.140.5	GET	/ld4s/device/a12b
2013-10-09 10:56:58	150.140.5	GET	/ld4s/device/a12b
2013-10-09 10:58:58	150.140.5	GET	/ld4s/device/a12b
2013-10-09 11:00:58	150.140.5	GET	/ld4s/device/a12b
2013-10-09 11:02:58	150.140.5	GET	/ld4s/device/a12b
2013-10-09 11:04:58	150.140.5	GET	/ld4s/device/a12b
2013-10-09 11:06:58	150.140.5	GET	/ld4s/device/a12b
2013-10-09 11:08:58	150.140.5	GET	/ld4s/device/a12b
2013-10-09 11:10:58	150.140.5	GET	/ld4s/device/a12b
2013-10-09 11:12:58	150.140.5	GET	/ld4s/device/a12b
2013-10-09 11:14:58	150.140.5	GET	/ld4s/device/a12b
2013-10-09 11:16:58	150.140.5	GET	/ld4s/device/a12b
2013-10-09 11:18:58	150.140.5	GET	/ld4s/device/a12b
2013-10-09 11:20:58	150.140.5	GET	/ld4s/device/a12b
2013-10-09 11:22:58	150.140.5	GET	/ld4s/device/a12b
2013-10-09 11:24:58	150.140.5	GET	/ld4s/device/a12b
2013-10-09 11:26:37	150.140.5	GET	/ld4s/sparql/PREFIX
2013-10-09 11:26:58	150.140.5	GET	/ld4s/device/a12b
2013-10-09 11:28:58	150.140.5	GET	/ld4s/device/a12b
2013-10-09 11:30:58	150.140.5	GET	/ld4s/device/a12b
2013-10-09 11:32:59	150.140.5	GET	/ld4s/device/a12b
2013-10-09 11:34:58	150.140.5	GET	/ld4s/device/a12b
2013-10-09 11:36:58	150.140.5	GET	/ld4s/device/a12b
2013-10-09 11:38:58	150.140.5	GET	/ld4s/device/a12b
2013-10-09 11:40:58	150.140.5	GET	/ld4s/device/a12b
2013-10-09 11:42:58	150.140.5	GET	/ld4s/device/a12b
2013-10-09 11:44:58	150.140.5	GET	/ld4s/device/a12b
2013-10-09 11:46:58	150.140.5	GET	/ld4s/device/a12b
2013-10-09 11:48:58	150.140.5	GET	/ld4s/device/a12b
2013-10-09 11:50:58	150.140.5	GET	/ld4s/device/a12b
2013-10-09 11:52:58	150.140.5	GET	/ld4s/device/a12b
2013-10-09 11:55:00	150.140.5	GET	/ld4s/device/a12b
2013-10-09 11:56:58	150.140.5	GET	/ld4s/device/a12b
2013-10-09 11:58:58	150.140.5	GET	/ld4s/device/a12b
2013-10-09 12:00:58	150.140.5	GET	/ld4s/device/a12b
2013-10-09 12:02:58	150.140.5	GET	/ld4s/device/a12b
2013-10-09 12:04:58	150.140.5	GET	/ld4s/device/a12b
2013-10-09 12:06:58	150.140.5	GET	/ld4s/device/a12b
2013-10-09 12:09:00	150.140.5	GET	/ld4s/device/a12b
2013-10-09 12:10:59	150.140.5	GET	/ld4s/device/a12b
2013-10-09 12:12:58	150.140.5	GET	/ld4s/device/a12b
2013-10-09 12:14:58	150.140.5	GET	/ld4s/device/a12b
2013-10-09 12:16:58	150.140.5	GET	/ld4s/device/a12b
2013-10-09 12:18:58	150.140.5	GET	/ld4s/device/a12b
2013-10-09 12:20:58	150.140.5	GET	/ld4s/device/a12b
2013-10-09 12:22:58	150.140.5	GET	/ld4s/device/a12b
2013-10-09 12:25:00	150.140.5	GET	/ld4s/device/a12b
2013-10-09 12:27:00	150.140.5	GET	/ld4s/device/a12b
2013-10-09 12:29:00	150.140.5	GET	/ld4s/device/a12b
2013-10-09 12:30:58	150.140.5	GET	/ld4s/device/a12b
2013-10-09 12:32:58	150.140.5	GET	/ld4s/device/a12b
2013-10-09 12:34:58	150.140.5	GET	/ld4s/device/a12b
2013-10-09 12:36:58	150.140.5	GET	/ld4s/device/a12b
2013-10-09 12:38:58	150.140.5	GET	/ld4s/device/a12b
2013-10-09 12:41:00	150.140.5	GET	/ld4s/device/a12b
2013-10-09 12:42:59	150.140.5	GET	/ld4s/device/a12b
2013-10-09 12:44:58	150.140.5	GET	/ld4s/device/a12b
2013-10-09 12:46:58	150.140.5	GET	/ld4s/device/a12b
2013-10-09 12:48:58	150.140.5	GET	/ld4s/device/a12b
2013-10-09 12:50:58	150.140.5	GET	/ld4s/device/a12b
2013-10-09 12:52:58	150.140.5	GET	/ld4s/device/a12b
2013-10-09 12:54:58	150.140.5	GET	/ld4s/device/a12b
2013-10-09 12:56:58	150.140.5	GET	/ld4s/device/a12b
2013-10-09 12:58:58	150.140.5	GET	/ld4s/device/a12b
2013-10-09 13:00:59	150.140.5	GET	/ld4s/device/a12b
2013-10-09 13:02:58	150.140.5	GET	/ld4s/device/a12b
2013-10-09 13:04:58	150.140.5	GET	/ld4s/device/a12b
2013-10-09 13:06:58	150.140.5	GET	/ld4s/device/a12b
2013-10-09 13:08:58	150.140.5	GET	/ld4s/device/a12b
2013-10-09 13:10:58	150.140.5	GET	/ld4s/device/a12b
2013-10-09 13:12:58	150.140.5	GET	/ld4s/device/a12b
2013-10-09 13:14:58	150.140.5	GET	/ld4s/device/a12b
2013-10-09 13:16:58	150.140.5	GET	/ld4s/device/a12b
2013-10-09 13:18:58	150.140.5	GET	/ld4s/device/a12b
2013-10-09 13:20:58	150.140.5	GET	/ld4s/device/a12b
2013-10-09 13:22:58	150.140.5	GET	/ld4s/device/a12b
2013-10-09 13:25:00	150.140.5	GET	/ld4s/device/a12b
2013-10-09 13:26:58	150.140.5	GET	/ld4s/device/a12b
2013-10-09 13:28:58	150.140.5	GET	/ld4s/device/a12b
2013-10-09 13:30:58	150.140.5	GET	/ld4s/device/a12b
2013-10-09 13:32:58	150.140.5	GET	/ld4s/device/a12b
2013-10-09 13:34:58	150.140.5	GET	/ld4s/device/a12b
2013-10-09 13:36:58	150.140.5	GET	/ld4s/device/a12b
2013-10-09 13:38:58	150.140.5	GET	/ld4s/device/a12b
2013-10-09 13:40:58	150.140.5	GET	/ld4s/device/a12b
2013-10-09 13:42:58	150.140.5	GET	/ld4s/device/a12b
2013-10-09 13:44:58	150.140.5	GET	/ld4s/device/a12b
2013-10-09 13:46:59	150.140.5	GET	/ld4s/device/a12b
2013-10-09 13:48:59	150.140.5	GET	/ld4s/device/a12b
2013-10-09 13:50:59	150.140.5	GET	/ld4s/device/a12b
2013-10-09 13:52:59	150.140.5	GET	/ld4s/device/a12b
2013-10-09 13:54:59	150.140.5	GET	/ld4s/device/a12b
2013-10-10 06:52:11	150.140.5	POST	/ld4s/device/456
2013-10-10 06:54:04	150.140.5	POST	/ld4s/device/456
2013-10-10 06:55:57	150.140.5	POST	/ld4s/device/456
2013-10-10 07:13:38	150.140.5	PUT	/ld4s/device/a12b
2013-10-10 08:07:38	150.140.22	POST	/ld4s/device/a12b
2013-10-10 08:08:47	150.140.22	POST	/ld4s/device/a12b
2013-10-10 08:48:19	140.203.214	POST	/ld4s/ov/123
2013-10-10 08:48:19	140.203.214	GET	/ld4s/ov/123
2013-10-10 08:48:26	140.203.214	POST	/ld4s/link/feedback/5bec81ac
2013-10-10 08:48:26	140.203.214	GET	/ld4s/link/feedback/5bec81ac
2013-10-10 08:49:31	140.203.214	POST	/ld4s/device/12
2013-10-10 08:49:31	140.203.214	GET	/ld4s/device/12
2013-10-10 08:54:15	140.203.214	POST	/ld4s/device/12
2013-10-10 09:15:09	140.203.214	POST	/ld4s/ov/12
2013-10-10 09:15:09	140.203.214	GET	/ld4s/ov/12
2013-10-10 09:18:10	140.203.214	POST	/ld4s/ov/1
2013-10-10 09:18:10	140.203.214	GET	/ld4s/ov/1
2013-10-10 09:19:09	140.203.214	POST	/ld4s/ov/12
2013-10-10 09:19:09	140.203.214	GET	/ld4s/ov/12
2013-10-10 09:20:18	140.203.214	POST	/ld4s/ov/1
2013-10-10 09:20:18	140.203.214	GET	/ld4s/ov/1
2013-10-10 09:21:29	140.203.214	POST	/ld4s/ov/12
2013-10-10 09:21:29	140.203.214	GET	/ld4s/ov/12
2013-10-10 09:29:36	140.203.214	POST	/ld4s/ov/13
2013-10-10 09:29:36	140.203.214	GET	/ld4s/ov/13
2013-10-10 09:29:55	140.203.214	POST	/ld4s/ov/13
2013-10-10 09:29:55	140.203.214	GET	/ld4s/ov/13
2013-10-10 11:14:45	150.140.5	POST	/ld4s/device/456
2013-10-10 11:16:28	150.140.5	POST	/ld4s/device/456
2013-10-10 11:18:03	150.140.5	GET	/ld4s/sparql/PREFIX
2013-10-10 11:18:17	150.140.5	POST	/ld4s/device/456
2013-10-10 11:20:24	150.140.5	POST	/ld4s/device/456
2013-10-10 11:22:21	150.140.5	POST	/ld4s/device/456
2013-10-10 11:24:25	150.140.5	POST	/ld4s/device/456
2013-10-10 11:26:13	150.140.5	POST	/ld4s/device/456
2013-10-10 11:28:21	150.140.5	POST	/ld4s/device/456
2013-10-10 11:30:23	150.140.5	POST	/ld4s/device/456
2013-10-10 11:32:24	150.140.5	POST	/ld4s/device/456
2013-10-10 11:34:15	150.140.5	POST	/ld4s/device/456
2013-10-10 11:36:14	150.140.5	POST	/ld4s/device/456
2013-10-10 11:38:20	150.140.5	POST	/ld4s/device/456
2013-10-10 11:40:20	150.140.5	POST	/ld4s/device/456
2013-10-10 11:42:14	150.140.5	POST	/ld4s/device/456
2013-10-10 11:44:22	150.140.5	POST	/ld4s/device/456
2013-10-10 11:46:20	150.140.5	POST	/ld4s/device/456
2013-10-10 11:48:19	150.140.5	POST	/ld4s/device/456
2013-10-10 11:50:18	150.140.5	POST	/ld4s/device/456
2013-10-10 11:52:27	150.140.5	POST	/ld4s/device/456
2013-10-10 11:54:22	150.140.5	POST	/ld4s/device/456
2013-10-10 11:56:25	150.140.5	POST	/ld4s/device/456
2013-10-10 11:58:20	150.140.5	POST	/ld4s/device/456
2013-10-10 12:00:21	150.140.5	POST	/ld4s/device/456
2013-10-10 12:02:22	150.140.5	POST	/ld4s/device/456
2013-10-10 12:04:24	150.140.5	POST	/ld4s/device/456
2013-10-10 12:06:21	150.140.5	POST	/ld4s/device/456
2013-10-10 12:08:24	150.140.5	POST	/ld4s/device/456
2013-10-10 12:10:21	150.140.5	POST	/ld4s/device/456
2013-10-10 12:12:17	150.140.5	POST	/ld4s/device/456
2013-10-10 12:14:23	150.140.5	POST	/ld4s/device/456
2013-10-10 12:16:20	150.140.5	POST	/ld4s/device/456
2013-10-10 12:18:43	150.140.5	POST	/ld4s/device/456
2013-10-10 12:20:23	150.140.5	POST	/ld4s/device/456
2013-10-10 12:22:25	150.140.5	POST	/ld4s/device/456
2013-10-10 12:24:21	150.140.5	POST	/ld4s/device/456
2013-10-10 12:26:24	150.140.5	POST	/ld4s/device/456
2013-10-10 12:28:35	150.140.5	POST	/ld4s/device/456
2013-10-10 12:30:21	150.140.5	POST	/ld4s/device/456
2013-10-10 12:32:20	150.140.5	POST	/ld4s/device/456
2013-10-10 12:34:25	150.140.5	POST	/ld4s/device/456
2013-10-10 12:36:19	150.140.5	POST	/ld4s/device/456
2013-10-10 12:38:24	150.140.5	POST	/ld4s/device/456
2013-10-10 12:40:21	150.140.5	POST	/ld4s/device/456
2013-10-10 12:42:18	150.140.5	POST	/ld4s/device/456
2013-10-10 12:44:18	150.140.5	POST	/ld4s/device/456
2013-10-10 12:46:19	150.140.5	POST	/ld4s/device/456
2013-10-10 12:48:18	150.140.5	POST	/ld4s/device/456
2013-10-10 12:50:22	150.140.5	POST	/ld4s/device/456
2013-10-10 12:52:16	150.140.5	POST	/ld4s/device/456
2013-10-10 12:54:17	150.140.5	POST	/ld4s/device/456
2013-10-10 12:56:21	150.140.5	POST	/ld4s/device/456
2013-10-10 12:58:22	150.140.5	POST	/ld4s/device/456
2013-10-10 13:00:13	150.140.5	POST	/ld4s/device/456
2013-10-10 13:02:13	150.140.5	POST	/ld4s/device/456
2013-10-10 13:04:13	150.140.5	POST	/ld4s/device/456
2013-10-10 13:06:13	150.140.5	POST	/ld4s/device/456
2013-10-10 13:08:14	150.140.5	POST	/ld4s/device/456
2013-10-10 13:10:13	150.140.5	POST	/ld4s/device/456
2013-10-10 13:12:13	150.140.5	POST	/ld4s/device/456
2013-10-10 13:14:13	150.140.5	POST	/ld4s/device/456
2013-10-10 13:16:15	150.140.5	POST	/ld4s/device/456
2013-10-10 13:18:16	150.140.5	POST	/ld4s/device/456
2013-10-10 13:20:21	150.140.5	POST	/ld4s/device/456
2013-10-10 13:22:16	150.140.5	POST	/ld4s/device/456
2013-10-10 13:24:18	150.140.5	POST	/ld4s/device/456
2013-10-10 13:26:20	150.140.5	POST	/ld4s/device/456
2013-10-10 13:28:15	150.140.5	POST	/ld4s/device/456
2013-10-10 13:30:15	150.140.5	POST	/ld4s/device/456
2013-10-10 13:32:13	150.140.5	POST	/ld4s/device/456
2013-10-10 13:34:31	150.140.5	POST	/ld4s/device/456
2013-10-10 13:36:22	150.140.5	POST	/ld4s/device/456
2013-10-10 13:38:19	150.140.5	POST	/ld4s/device/456
2013-10-10 13:40:13	150.140.5	POST	/ld4s/device/456
2013-10-10 13:42:21	150.140.5	POST	/ld4s/device/456
2013-10-10 13:44:17	150.140.5	POST	/ld4s/device/456
2013-10-10 13:46:23	150.140.5	POST	/ld4s/device/456
2013-10-10 13:48:16	150.140.5	POST	/ld4s/device/456
2013-10-10 13:50:19	150.140.5	POST	/ld4s/device/456
2013-10-10 13:52:20	150.140.5	POST	/ld4s/device/456
2013-10-10 13:54:16	150.140.5	POST	/ld4s/device/456
2013-10-10 13:56:16	150.140.5	POST	/ld4s/device/456
2013-10-10 13:58:24	150.140.5	POST	/ld4s/device/456
2013-10-10 14:00:19	150.140.5	POST	/ld4s/device/456
2013-10-10 14:02:14	150.140.5	POST	/ld4s/device/456
2013-10-10 14:04:16	150.140.5	POST	/ld4s/device/456
2013-10-10 14:06:25	150.140.5	POST	/ld4s/device/456
2013-10-10 14:08:19	150.140.5	POST	/ld4s/device/456
2013-10-10 14:10:19	150.140.5	POST	/ld4s/device/456
2013-10-10 14:12:17	150.140.5	POST	/ld4s/device/456
2013-10-10 14:14:22	150.140.5	POST	/ld4s/device/456
2013-10-10 14:16:18	150.140.5	POST	/ld4s/device/456
2013-10-10 14:18:18	150.140.5	POST	/ld4s/device/456
2013-10-10 14:20:15	150.140.5	POST	/ld4s/device/456
2013-10-10 14:22:16	150.140.5	POST	/ld4s/device/456
2013-10-10 14:24:20	150.140.5	POST	/ld4s/device/456
2013-10-10 14:26:21	150.140.5	POST	/ld4s/device/456
2013-10-10 14:28:25	150.140.5	POST	/ld4s/device/456
2013-10-10 14:30:24	150.140.5	POST	/ld4s/device/456
2013-10-10 14:32:15	150.140.5	POST	/ld4s/device/456
2013-10-10 14:34:24	150.140.5	POST	/ld4s/device/456
2013-10-10 14:36:14	150.140.5	POST	/ld4s/device/456
2013-10-10 14:38:18	150.140.5	POST	/ld4s/device/456
2013-10-10 14:40:15	150.140.5	POST	/ld4s/device/456
2013-10-10 14:42:15	150.140.5	POST	/ld4s/device/456
2013-10-10 14:44:13	150.140.5	POST	/ld4s/device/456
2013-10-10 14:46:18	150.140.5	POST	/ld4s/device/456
2013-10-10 14:48:17	150.140.5	POST	/ld4s/device/456
2013-10-10 14:50:20	150.140.5	POST	/ld4s/device/456
2013-10-10 14:52:22	150.140.5	POST	/ld4s/device/456
2013-10-10 14:54:16	150.140.5	POST	/ld4s/device/456
2013-10-10 14:56:20	150.140.5	POST	/ld4s/device/456
2013-10-10 14:58:25	150.140.5	POST	/ld4s/device/456
2013-10-10 15:00:23	150.140.5	POST	/ld4s/device/456
2013-10-10 15:02:25	150.140.5	POST	/ld4s/device/456
2013-10-10 15:04:27	150.140.5	POST	/ld4s/device/456
2013-10-10 15:06:20	150.140.5	POST	/ld4s/device/456
2013-10-10 15:08:22	150.140.5	POST	/ld4s/device/456
2013-10-10 15:10:28	150.140.5	POST	/ld4s/device/456
2013-10-10 15:12:28	150.140.5	POST	/ld4s/device/456
2013-10-10 15:14:32	150.140.5	POST	/ld4s/device/456
2013-10-10 15:16:24	150.140.5	POST	/ld4s/device/456
2013-10-10 15:18:29	150.140.5	POST	/ld4s/device/456
2013-10-10 15:20:21	150.140.5	POST	/ld4s/device/456
2013-10-10 15:22:22	150.140.5	POST	/ld4s/device/456
2013-10-10 15:24:32	150.140.5	POST	/ld4s/device/456
2013-10-10 15:26:21	150.140.5	POST	/ld4s/device/456
2013-10-10 15:28:28	150.140.5	POST	/ld4s/device/456
2013-10-10 15:30:13	150.140.5	POST	/ld4s/device/456
2013-10-10 15:32:18	150.140.5	POST	/ld4s/device/456
2013-10-10 15:34:26	150.140.5	POST	/ld4s/device/456
2013-10-10 15:36:27	150.140.5	POST	/ld4s/device/456
2013-10-10 15:38:22	150.140.5	POST	/ld4s/device/456
2013-10-10 19:04:04	194.219.25	PUT	/ld4s/device/456
2013-10-10 19:05:37	194.219.25	PUT	/ld4s/device/456
2013-10-11 05:13:23	150.140.5	PUT	/ld4s/device/456
2013-10-11 05:15:24	150.140.5	PUT	/ld4s/device/456
2013-10-11 05:17:16	150.140.5	PUT	/ld4s/device/456
2013-10-11 05:19:01	150.140.5	PUT	/ld4s/device/456
2013-10-11 05:21:01	150.140.5	PUT	/ld4s/device/456
2013-10-11 05:23:45	150.140.5	PUT	/ld4s/device/456
2013-10-11 05:24:58	150.140.5	PUT	/ld4s/device/456
2013-10-11 05:26:53	150.140.5	PUT	/ld4s/device/456
2013-10-11 05:29:17	150.140.5	PUT	/ld4s/device/456
2013-10-11 05:30:58	150.140.5	PUT	/ld4s/device/456
2013-10-11 05:32:59	150.140.5	PUT	/ld4s/device/456
2013-10-11 05:35:26	150.140.5	PUT	/ld4s/device/456
2013-10-11 05:37:18	150.140.5	PUT	/ld4s/device/456
2013-10-11 05:39:03	150.140.5	PUT	/ld4s/device/456
2013-10-11 05:41:50	150.140.5	PUT	/ld4s/device/456
2013-10-11 05:43:32	150.140.5	PUT	/ld4s/device/456
2013-10-11 05:45:35	150.140.5	PUT	/ld4s/device/456
2013-10-11 05:49:33	150.140.5	PUT	/ld4s/device/456
2013-10-11 05:51:51	150.140.5	PUT	/ld4s/device/456
2013-10-11 05:53:33	150.140.5	PUT	/ld4s/device/456
2013-10-11 05:55:05	150.140.5	PUT	/ld4s/device/456
2013-10-11 05:57:50	150.140.5	PUT	/ld4s/device/456
2013-10-11 05:58:45	150.140.5	PUT	/ld4s/device/456
2013-10-11 06:01:15	150.140.5	PUT	/ld4s/device/456
2013-10-11 06:03:00	150.140.5	PUT	/ld4s/device/456
2013-10-11 06:05:25	150.140.5	PUT	/ld4s/device/456
2013-10-11 06:07:15	150.140.5	PUT	/ld4s/device/456
2013-10-11 06:09:04	150.140.5	PUT	/ld4s/device/456
2013-10-11 06:11:02	150.140.5	PUT	/ld4s/device/456
2013-10-11 06:13:50	150.140.5	PUT	/ld4s/device/456
2013-10-11 06:15:21	150.140.5	PUT	/ld4s/device/456
2013-10-11 06:18:27	150.140.5	PUT	/ld4s/device/456
2013-10-11 06:18:40	150.140.5	PUT	/ld4s/device/456
2013-10-11 06:21:50	150.140.5	PUT	/ld4s/device/456
2013-10-11 06:23:50	150.140.5	PUT	/ld4s/device/456
2013-10-11 06:25:50	150.140.5	PUT	/ld4s/device/456
2013-10-11 06:27:08	150.140.5	PUT	/ld4s/device/456
2013-10-11 06:29:38	150.140.5	PUT	/ld4s/device/456
2013-10-11 06:31:25	150.140.5	PUT	/ld4s/device/456
2013-10-11 06:33:18	150.140.5	PUT	/ld4s/device/456
2013-10-11 06:35:00	150.140.5	PUT	/ld4s/device/456
2013-10-11 06:37:21	150.140.5	PUT	/ld4s/device/456
2013-10-11 06:39:07	150.140.5	PUT	/ld4s/device/456
2013-10-11 06:40:57	150.140.5	PUT	/ld4s/device/456
2013-10-11 06:43:50	150.140.5	PUT	/ld4s/device/456
2013-10-11 06:45:21	150.140.5	PUT	/ld4s/device/456
2013-10-11 06:47:27	150.140.5	PUT	/ld4s/device/456
2013-10-11 06:49:05	150.140.5	PUT	/ld4s/device/456
2013-10-11 06:51:41	150.140.5	PUT	/ld4s/device/456
2013-10-11 06:53:07	150.140.5	PUT	/ld4s/device/456
2013-10-11 06:55:02	150.140.5	PUT	/ld4s/device/456
2013-10-11 06:57:50	150.140.5	PUT	/ld4s/device/456
2013-10-11 06:59:10	150.140.5	PUT	/ld4s/device/456
2013-10-11 07:01:50	150.140.5	PUT	/ld4s/device/456
2013-10-11 07:03:50	150.140.5	PUT	/ld4s/device/456
2013-10-11 07:05:50	150.140.5	PUT	/ld4s/device/456
2013-10-11 07:07:51	150.140.5	PUT	/ld4s/device/456
2013-10-11 07:09:15	150.140.5	PUT	/ld4s/device/456
2013-10-11 07:11:50	150.140.5	PUT	/ld4s/device/456
2013-10-11 07:13:50	150.140.5	PUT	/ld4s/device/456
2013-10-11 07:15:13	150.140.5	PUT	/ld4s/device/456
2013-10-11 07:16:38	150.140.5	PUT	/ld4s/device/456
2013-10-11 07:18:32	150.140.5	PUT	/ld4s/device/456
2013-10-11 07:20:32	150.140.5	PUT	/ld4s/device/456
2013-10-11 07:22:32	150.140.5	PUT	/ld4s/device/456
2013-10-11 07:24:32	150.140.5	PUT	/ld4s/device/456
2013-10-11 07:26:32	150.140.5	PUT	/ld4s/device/456
2013-10-11 07:28:32	150.140.5	PUT	/ld4s/device/456
2013-10-11 07:30:32	150.140.5	PUT	/ld4s/device/456
2013-10-11 07:32:32	150.140.5	PUT	/ld4s/device/456
2013-10-11 07:34:32	150.140.5	PUT	/ld4s/device/456
2013-10-11 07:36:33	150.140.5	PUT	/ld4s/device/456
2013-10-11 07:38:32	150.140.5	PUT	/ld4s/device/456
2013-10-11 07:40:32	150.140.5	PUT	/ld4s/device/456
2013-10-11 07:42:32	150.140.5	PUT	/ld4s/device/456
2013-10-11 07:44:32	150.140.5	PUT	/ld4s/device/456
2013-10-11 07:46:32	150.140.5	PUT	/ld4s/device/456
2013-10-11 07:48:32	150.140.5	PUT	/ld4s/device/456
2013-10-11 07:50:32	150.140.5	PUT	/ld4s/device/456
2013-10-11 07:52:32	150.140.5	PUT	/ld4s/device/456
2013-10-11 07:54:32	150.140.5	PUT	/ld4s/device/456
2013-10-11 07:56:32	150.140.5	PUT	/ld4s/device/456
2013-10-11 07:58:32	150.140.5	PUT	/ld4s/device/456
2013-10-11 08:00:32	150.140.5	PUT	/ld4s/device/456
2013-10-11 08:02:32	150.140.5	PUT	/ld4s/device/456
2013-10-11 08:04:32	150.140.5	PUT	/ld4s/device/456
2013-10-11 08:06:32	150.140.5	PUT	/ld4s/device/456
2013-10-11 08:08:32	150.140.5	PUT	/ld4s/device/456
2013-10-11 08:10:32	150.140.5	PUT	/ld4s/device/456
2013-10-11 08:12:32	150.140.5	PUT	/ld4s/device/456
2013-10-11 08:14:32	150.140.5	PUT	/ld4s/device/456
2013-10-11 08:16:32	150.140.5	PUT	/ld4s/device/456
2013-10-11 08:18:32	150.140.5	PUT	/ld4s/device/456
2013-10-11 08:20:32	150.140.5	PUT	/ld4s/device/456
2013-10-11 08:22:32	150.140.5	PUT	/ld4s/device/456
2013-10-11 08:24:32	150.140.5	PUT	/ld4s/device/456
2013-10-11 08:26:32	150.140.5	PUT	/ld4s/device/456
2013-10-11 08:28:32	150.140.5	PUT	/ld4s/device/456
2013-10-11 08:30:32	150.140.5	PUT	/ld4s/device/456
2013-10-11 08:32:32	150.140.5	PUT	/ld4s/device/456
2013-10-11 08:34:32	150.140.5	PUT	/ld4s/device/456
2013-10-11 08:36:32	150.140.5	PUT	/ld4s/device/456
2013-10-11 08:38:33	150.140.5	PUT	/ld4s/device/456
2013-10-11 08:40:32	150.140.5	PUT	/ld4s/device/456
2013-10-11 08:42:32	150.140.5	PUT	/ld4s/device/456
2013-10-11 08:44:32	150.140.5	PUT	/ld4s/device/456
2013-10-11 08:46:32	150.140.5	PUT	/ld4s/device/456
2013-10-11 08:48:32	150.140.5	PUT	/ld4s/device/456
2013-10-11 08:50:34	150.140.5	PUT	/ld4s/device/456
2013-10-11 08:52:32	150.140.5	PUT	/ld4s/device/456
2013-10-11 12:21:50	150.140.5	PUT	/ld4s/device/456